TN:
SF:src\components\AnimatedNumber.tsx
FN:25,(anonymous_0)
FN:29,(anonymous_1)
FN:33,(anonymous_2)
FN:40,(anonymous_3)
FNF:4
FNH:0
FNDA:0,(anonymous_0)
FNDA:0,(anonymous_1)
FNDA:0,(anonymous_2)
FNDA:0,(anonymous_3)
DA:23,0
DA:25,0
DA:29,0
DA:31,0
DA:33,0
DA:34,0
DA:40,0
DA:41,0
DA:46,0
LF:9
LH:0
BRDA:27,0,0,0
BRDA:29,1,0,0
BRF:2
BRH:0
end_of_record
TN:
SF:src\components\DataVisualization.tsx
FN:30,(anonymous_0)
FN:44,(anonymous_1)
FN:45,(anonymous_2)
FNF:3
FNH:0
FNDA:0,(anonymous_0)
FNDA:0,(anonymous_1)
FNDA:0,(anonymous_2)
DA:26,0
DA:40,0
DA:41,0
DA:44,0
DA:46,0
DA:50,0
DA:87,0
DA:89,0
LF:8
LH:0
BRDA:35,0,0,0
BRDA:36,1,0,0
BRDA:41,2,0,0
BRDA:41,2,1,0
BRF:4
BRH:0
end_of_record
TN:
SF:src\components\ErrorBoundary.tsx
FN:25,(anonymous_0)
FN:34,(anonymous_1)
FN:38,(anonymous_2)
FN:55,(anonymous_3)
FN:63,(anonymous_4)
FNF:5
FNH:0
FNDA:0,(anonymous_0)
FNDA:0,(anonymous_1)
FNDA:0,(anonymous_2)
FNDA:0,(anonymous_3)
FNDA:0,(anonymous_4)
DA:26,0
DA:27,0
DA:35,0
DA:39,0
DA:41,0
DA:47,0
DA:48,0
DA:55,0
DA:56,0
DA:64,0
DA:66,0
DA:67,0
DA:71,0
DA:105,0
DA:109,3
LF:15
LH:1
BRDA:47,0,0,0
BRDA:47,0,1,0
BRDA:64,1,0,0
BRDA:64,1,1,0
BRDA:66,2,0,0
BRDA:66,2,1,0
BRDA:80,3,0,0
BRDA:80,3,1,0
BRDA:80,3,2,0
BRDA:86,4,0,0
BRDA:86,4,1,0
BRF:11
BRH:0
end_of_record
TN:
SF:src\components\GlassmorphismCard.example.tsx
FN:33,(anonymous_0)
FNF:1
FNH:0
FNDA:0,(anonymous_0)
DA:33,2
DA:38,0
DA:87,2
LF:3
LH:2
BRF:0
BRH:0
end_of_record
TN:
SF:src\components\GridChart.tsx
FN:71,(anonymous_0)
FN:115,(anonymous_1)
FN:121,(anonymous_2)
FN:125,(anonymous_3)
FN:126,(anonymous_4)
FN:133,(anonymous_5)
FN:135,(anonymous_6)
FN:147,(anonymous_7)
FN:158,(anonymous_8)
FN:176,(anonymous_9)
FN:193,(anonymous_10)
FN:205,(anonymous_11)
FN:211,(anonymous_12)
FN:222,(anonymous_13)
FN:233,(anonymous_14)
FN:254,(anonymous_15)
FN:257,(anonymous_16)
FN:264,(anonymous_17)
FN:284,(anonymous_18)
FN:302,(anonymous_19)
FN:303,(anonymous_20)
FN:317,(anonymous_21)
FN:326,(anonymous_22)
FN:331,(anonymous_23)
FN:340,(anonymous_24)
FN:368,(anonymous_25)
FN:369,(anonymous_26)
FN:385,(anonymous_27)
FN:397,(anonymous_28)
FN:402,(anonymous_29)
FN:415,(anonymous_30)
FN:417,(anonymous_31)
FN:424,(anonymous_32)
FN:442,(anonymous_33)
FN:449,(anonymous_34)
FNF:35
FNH:28
FNDA:12,(anonymous_0)
FNDA:8,(anonymous_1)
FNDA:14,(anonymous_2)
FNDA:14,(anonymous_3)
FNDA:14,(anonymous_4)
FNDA:4,(anonymous_5)
FNDA:1,(anonymous_6)
FNDA:6,(anonymous_7)
FNDA:8,(anonymous_8)
FNDA:6,(anonymous_9)
FNDA:14,(anonymous_10)
FNDA:14,(anonymous_11)
FNDA:8,(anonymous_12)
FNDA:0,(anonymous_13)
FNDA:14,(anonymous_14)
FNDA:1296,(anonymous_15)
FNDA:1296,(anonymous_16)
FNDA:1296,(anonymous_17)
FNDA:8,(anonymous_18)
FNDA:0,(anonymous_19)
FNDA:0,(anonymous_20)
FNDA:8,(anonymous_21)
FNDA:6,(anonymous_22)
FNDA:6,(anonymous_23)
FNDA:14,(anonymous_24)
FNDA:6,(anonymous_25)
FNDA:14,(anonymous_26)
FNDA:0,(anonymous_27)
FNDA:0,(anonymous_28)
FNDA:6,(anonymous_29)
FNDA:48,(anonymous_30)
FNDA:1296,(anonymous_31)
FNDA:0,(anonymous_32)
FNDA:14,(anonymous_33)
FNDA:0,(anonymous_34)
DA:52,3
DA:53,3
DA:71,3
DA:72,12
DA:74,12
DA:76,6
DA:77,6
DA:78,6
DA:79,6
DA:80,6
DA:81,6
DA:83,6
DA:84,8
DA:85,8
DA:86,8
DA:87,8
DA:88,8
DA:92,6
DA:93,6
DA:94,6
DA:95,6
DA:96,6
DA:97,6
DA:99,6
DA:100,6
DA:101,6
DA:102,6
DA:103,6
DA:104,6
DA:108,12
DA:115,3
DA:118,8
DA:121,14
DA:122,6
DA:125,14
DA:126,14
DA:128,6
DA:129,6
DA:132,6
DA:133,4
DA:135,6
DA:137,6
DA:138,6
DA:141,6
DA:142,6
DA:144,6
DA:147,6
DA:148,6
DA:158,6
DA:159,8
DA:168,6
DA:169,6
DA:176,3
DA:181,6
DA:183,6
DA:184,1
DA:193,5
DA:194,14
DA:195,14
DA:196,14
DA:205,14
DA:208,5
DA:209,4
DA:211,8
DA:214,4
DA:215,8
DA:219,1
DA:220,0
DA:222,0
DA:225,0
DA:226,0
DA:227,0
DA:233,5
DA:234,14
DA:237,5
DA:254,3
DA:255,1296
DA:257,1296
DA:258,1296
DA:264,1296
DA:265,1296
DA:270,1296
DA:283,3
DA:294,8
DA:295,8
DA:296,8
DA:299,8
DA:302,8
DA:304,0
DA:309,8
DA:312,8
DA:313,8
DA:316,8
DA:317,8
DA:322,6
DA:325,6
DA:326,6
DA:331,6
DA:337,6
DA:338,6
DA:340,6
DA:341,14
DA:342,14
DA:343,864
DA:349,864
DA:354,6
DA:355,6
DA:356,432
DA:364,6
DA:368,6
DA:369,6
DA:371,14
DA:372,14
DA:380,6
DA:381,6
DA:385,6
DA:386,0
DA:388,0
DA:389,0
DA:391,0
DA:393,0
DA:397,6
DA:398,0
DA:402,6
DA:405,6
DA:406,6
DA:407,48
DA:409,6
DA:412,6
DA:416,48
DA:418,1296
DA:419,1296
DA:421,1296
DA:424,0
DA:443,14
DA:444,14
DA:446,14
DA:449,0
DA:481,3
DA:483,3
LF:140
LH:126
BRDA:74,0,0,6
BRDA:74,0,1,6
BRDA:84,1,0,0
BRDA:84,1,1,8
BRDA:100,2,0,4
BRDA:100,2,1,2
BRDA:183,3,0,1
BRDA:183,3,1,5
BRDA:183,4,0,6
BRDA:183,4,1,5
BRDA:208,5,0,4
BRDA:208,5,1,1
BRDA:214,6,0,12
BRDA:214,6,1,8
BRDA:219,7,0,0
BRDA:219,7,1,1
BRDA:225,8,0,0
BRDA:225,8,1,0
BRDA:226,9,0,0
BRDA:226,9,1,0
BRDA:276,10,0,1296
BRDA:276,10,1,0
BRDA:277,11,0,1296
BRDA:277,11,1,0
BRDA:289,12,0,7
BRDA:290,13,0,8
BRDA:341,14,0,14
BRDA:341,14,1,2
BRDA:342,15,0,878
BRDA:342,15,1,864
BRDA:371,16,0,12
BRDA:371,16,1,2
BRDA:386,17,0,0
BRDA:386,17,1,0
BRDA:388,18,0,0
BRDA:388,18,1,0
BRDA:393,19,0,0
BRDA:393,19,1,0
BRDA:398,20,0,0
BRDA:398,20,1,0
BRDA:419,21,0,1296
BRDA:419,21,1,0
BRDA:440,22,0,6
BRDA:440,22,1,5
BRDA:444,23,0,14
BRDA:444,23,1,0
BRDA:455,24,0,0
BRDA:455,24,1,14
BRDA:456,25,0,0
BRDA:456,25,1,14
BRDA:466,26,0,3
BRDA:466,26,1,11
BRDA:467,27,0,0
BRDA:467,27,1,14
BRF:54
BRH:33
end_of_record
TN:
SF:src\components\HistoricalStatusIndicator.tsx
FN:24,(anonymous_0)
FN:31,(anonymous_1)
FN:40,(anonymous_2)
FN:57,(anonymous_3)
FN:65,(anonymous_4)
FN:75,(anonymous_5)
FN:96,(anonymous_6)
FN:113,(anonymous_7)
FN:127,(anonymous_8)
FN:134,(anonymous_9)
FNF:10
FNH:0
FNDA:0,(anonymous_0)
FNDA:0,(anonymous_1)
FNDA:0,(anonymous_2)
FNDA:0,(anonymous_3)
FNDA:0,(anonymous_4)
FNDA:0,(anonymous_5)
FNDA:0,(anonymous_6)
FNDA:0,(anonymous_7)
FNDA:0,(anonymous_8)
FNDA:0,(anonymous_9)
DA:24,0
DA:28,0
DA:31,0
DA:32,0
DA:33,0
DA:40,0
DA:41,0
DA:55,0
DA:57,0
DA:58,0
DA:65,0
DA:66,0
DA:67,0
DA:68,0
DA:69,0
DA:75,0
DA:76,0
DA:77,0
DA:79,0
DA:80,0
DA:84,0
DA:96,0
DA:99,0
DA:101,0
DA:103,0
DA:105,0
DA:107,0
DA:113,0
DA:114,0
DA:115,0
DA:116,0
DA:120,0
DA:122,0
DA:128,0
DA:129,0
DA:131,0
DA:134,0
DA:153,0
LF:38
LH:0
BRDA:66,0,0,0
BRDA:66,0,1,0
BRDA:79,1,0,0
BRDA:79,1,1,0
BRDA:99,2,0,0
BRDA:99,2,1,0
BRDA:99,2,2,0
BRDA:99,2,3,0
BRDA:124,3,0,0
BRDA:124,3,1,0
BRDA:141,4,0,0
BRDA:141,4,1,0
BRF:12
BRH:0
end_of_record
TN:
SF:src\components\LazyLoadWrapper.tsx
FN:37,(anonymous_0)
FN:60,(anonymous_1)
FNF:2
FNH:0
FNDA:0,(anonymous_0)
FNDA:0,(anonymous_1)
DA:37,3
DA:45,0
DA:53,0
DA:60,3
DA:63,0
DA:75,3
LF:6
LH:3
BRDA:39,0,0,0
BRDA:45,1,0,0
BRDA:45,1,1,0
BRDA:53,2,0,0
BRDA:53,2,1,0
BRF:5
BRH:0
end_of_record
TN:
SF:src\components\LoadingSkeleton.tsx
FN:17,(anonymous_0)
FN:25,(anonymous_1)
FN:43,(anonymous_2)
FN:70,(anonymous_3)
FN:93,(anonymous_4)
FN:111,(anonymous_5)
FN:113,(anonymous_6)
FN:137,(anonymous_7)
FN:140,(anonymous_8)
FN:156,(anonymous_9)
FN:159,(anonymous_10)
FNF:11
FNH:0
FNDA:0,(anonymous_0)
FNDA:0,(anonymous_1)
FNDA:0,(anonymous_2)
FNDA:0,(anonymous_3)
FNDA:0,(anonymous_4)
FNDA:0,(anonymous_5)
FNDA:0,(anonymous_6)
FNDA:0,(anonymous_7)
FNDA:0,(anonymous_8)
FNDA:0,(anonymous_9)
FNDA:0,(anonymous_10)
DA:17,3
DA:23,0
DA:25,0
DA:26,0
DA:41,0
DA:43,0
DA:46,0
DA:51,0
DA:70,3
DA:71,0
DA:94,0
DA:112,0
DA:114,0
DA:137,3
DA:138,0
DA:141,0
DA:156,3
DA:157,0
DA:160,0
DA:173,3
LF:20
LH:5
BRDA:18,0,0,0
BRDA:19,1,0,0
BRDA:20,2,0,0
BRDA:137,3,0,0
BRDA:156,4,0,0
BRF:5
BRH:0
end_of_record
TN:
SF:src\components\NetworkStatusBar.tsx
FN:16,(anonymous_0)
FN:27,(anonymous_1)
FN:30,(anonymous_2)
FN:43,(anonymous_3)
FN:49,(anonymous_4)
FN:58,(anonymous_5)
FN:65,(anonymous_6)
FN:82,(anonymous_7)
FN:91,(anonymous_8)
FN:104,(anonymous_9)
FNF:10
FNH:0
FNDA:0,(anonymous_0)
FNDA:0,(anonymous_1)
FNDA:0,(anonymous_2)
FNDA:0,(anonymous_3)
FNDA:0,(anonymous_4)
FNDA:0,(anonymous_5)
FNDA:0,(anonymous_6)
FNDA:0,(anonymous_7)
FNDA:0,(anonymous_8)
FNDA:0,(anonymous_9)
DA:16,3
DA:17,0
DA:22,0
DA:23,0
DA:24,0
DA:25,0
DA:27,0
DA:29,0
DA:31,0
DA:33,0
DA:34,0
DA:36,0
DA:37,0
DA:43,0
DA:44,0
DA:45,0
DA:49,0
DA:50,0
DA:51,0
DA:53,0
DA:54,0
DA:58,0
DA:59,0
DA:60,0
DA:61,0
DA:65,0
DA:66,0
DA:67,0
DA:74,0
DA:82,0
DA:83,0
DA:84,0
DA:85,0
DA:87,0
DA:91,0
DA:92,0
DA:93,0
DA:95,0
DA:96,0
DA:98,0
DA:99,0
DA:101,0
DA:104,0
DA:105,0
DA:110,0
DA:112,0
DA:115,0
DA:146,3
LF:48
LH:2
BRDA:33,0,0,0
BRDA:33,0,1,0
BRDA:36,1,0,0
BRDA:36,1,1,0
BRDA:53,2,0,0
BRDA:53,2,1,0
BRDA:66,3,0,0
BRDA:66,3,1,0
BRDA:92,4,0,0
BRDA:92,4,1,0
BRDA:95,5,0,0
BRDA:95,5,1,0
BRDA:98,6,0,0
BRDA:98,6,1,0
BRDA:105,7,0,0
BRDA:105,7,1,0
BRDA:106,8,0,0
BRDA:106,8,1,0
BRDA:106,8,2,0
BRDA:127,9,0,0
BRDA:127,9,1,0
BRDA:127,9,2,0
BRDA:127,9,3,0
BRDA:133,10,0,0
BRDA:133,10,1,0
BRDA:133,10,2,0
BRF:26
BRH:0
end_of_record
TN:
SF:src\components\SearchableSelector.tsx
FN:30,(anonymous_0)
FN:45,(anonymous_1)
FN:55,(anonymous_2)
FN:59,(anonymous_3)
FN:65,(anonymous_4)
FN:78,(anonymous_5)
FN:84,(anonymous_6)
FN:90,(anonymous_7)
FN:95,(anonymous_8)
FN:101,(anonymous_9)
FN:142,(anonymous_10)
FN:173,(anonymous_11)
FNF:12
FNH:3
FNDA:99,(anonymous_0)
FNDA:36,(anonymous_1)
FNDA:60,(anonymous_2)
FNDA:0,(anonymous_3)
FNDA:0,(anonymous_4)
FNDA:0,(anonymous_5)
FNDA:0,(anonymous_6)
FNDA:0,(anonymous_7)
FNDA:0,(anonymous_8)
FNDA:0,(anonymous_9)
FNDA:0,(anonymous_10)
FNDA:0,(anonymous_11)
DA:28,5
DA:30,5
DA:42,99
DA:45,99
DA:46,36
DA:47,36
DA:48,36
DA:50,0
DA:55,99
DA:56,60
DA:58,60
DA:59,0
DA:64,0
DA:65,0
DA:78,81
DA:79,0
DA:80,0
DA:81,0
DA:84,81
DA:85,0
DA:86,0
DA:87,0
DA:90,0
DA:91,0
DA:95,81
DA:96,0
DA:98,0
DA:101,0
DA:115,81
DA:142,0
DA:173,0
DA:196,5
LF:32
LH:15
BRDA:38,0,0,0
BRDA:40,1,0,0
BRDA:46,2,0,36
BRDA:46,2,1,0
BRDA:56,3,0,60
BRDA:56,3,1,0
BRDA:59,4,0,0
BRDA:59,4,1,0
BRDA:59,5,0,0
BRDA:59,5,1,0
BRDA:100,6,0,0
BRDA:100,6,1,0
BRDA:104,7,0,0
BRDA:104,7,1,0
BRDA:108,8,0,0
BRDA:108,8,1,0
BRDA:140,9,0,81
BRDA:140,9,1,0
BRDA:157,10,0,0
BRDA:157,10,1,81
BRDA:164,11,0,39
BRDA:164,11,1,42
BRDA:182,12,0,0
BRDA:182,12,1,42
BRDA:185,13,0,0
BRDA:185,13,1,42
BRF:26
BRH:8
end_of_record
TN:
SF:src\components\Skeleton.tsx
FN:21,(anonymous_0)
FN:30,(anonymous_1)
FN:50,(anonymous_2)
FN:74,(anonymous_3)
FN:92,(anonymous_4)
FN:101,(anonymous_5)
FN:127,(anonymous_6)
FN:180,(anonymous_7)
FN:188,(anonymous_8)
FN:213,(anonymous_9)
FN:222,(anonymous_10)
FNF:11
FNH:0
FNDA:0,(anonymous_0)
FNDA:0,(anonymous_1)
FNDA:0,(anonymous_2)
FNDA:0,(anonymous_3)
FNDA:0,(anonymous_4)
FNDA:0,(anonymous_5)
FNDA:0,(anonymous_6)
FNDA:0,(anonymous_7)
FNDA:0,(anonymous_8)
FNDA:0,(anonymous_9)
FNDA:0,(anonymous_10)
DA:21,0
DA:28,0
DA:30,0
DA:31,0
DA:33,0
DA:48,0
DA:50,0
DA:53,0
DA:74,0
DA:75,0
DA:76,0
DA:92,0
DA:99,0
DA:102,0
DA:127,0
DA:136,0
DA:180,0
DA:186,0
DA:189,0
DA:213,0
DA:220,0
DA:223,0
DA:244,0
LF:23
LH:0
BRDA:22,0,0,0
BRDA:23,1,0,0
BRDA:24,2,0,0
BRDA:26,3,0,0
BRDA:31,4,0,0
BRDA:31,4,1,0
BRDA:61,5,0,0
BRDA:61,5,1,0
BRDA:75,6,0,0
BRDA:75,6,1,0
BRDA:93,7,0,0
BRDA:94,8,0,0
BRDA:95,9,0,0
BRDA:96,10,0,0
BRDA:97,11,0,0
BRDA:105,12,0,0
BRDA:105,12,1,0
BRDA:106,13,0,0
BRDA:106,13,1,0
BRDA:128,14,0,0
BRDA:129,15,0,0
BRDA:130,16,0,0
BRDA:131,17,0,0
BRDA:132,18,0,0
BRDA:133,19,0,0
BRDA:134,20,0,0
BRDA:138,21,0,0
BRDA:138,21,1,0
BRDA:147,22,0,0
BRDA:147,22,1,0
BRDA:155,23,0,0
BRDA:155,23,1,0
BRDA:181,24,0,0
BRDA:182,25,0,0
BRDA:183,26,0,0
BRDA:184,27,0,0
BRDA:193,28,0,0
BRDA:193,28,1,0
BRDA:214,29,0,0
BRDA:215,30,0,0
BRDA:216,31,0,0
BRDA:217,32,0,0
BRDA:218,33,0,0
BRDA:233,34,0,0
BRDA:233,34,1,0
BRF:45
BRH:0
end_of_record
TN:
SF:src\components\TagRankingList.tsx
FN:16,(anonymous_0)
FN:44,(anonymous_1)
FNF:2
FNH:0
FNDA:0,(anonymous_0)
FNDA:0,(anonymous_1)
DA:16,0
DA:21,0
DA:22,0
DA:23,0
DA:26,0
DA:29,0
DA:30,0
DA:39,0
DA:45,0
DA:46,0
DA:76,0
LF:11
LH:0
BRDA:19,0,0,0
BRDA:21,1,0,0
BRDA:21,1,1,0
BRDA:22,2,0,0
BRDA:22,2,1,0
BRDA:23,3,0,0
BRDA:23,3,1,0
BRDA:29,4,0,0
BRDA:29,4,1,0
BRDA:45,5,0,0
BRDA:45,5,1,0
BRF:11
BRH:0
end_of_record
TN:
SF:src\components\TimeAxis.tsx
FN:24,(anonymous_0)
FN:59,(anonymous_1)
FN:68,(anonymous_2)
FN:87,(anonymous_3)
FN:125,(anonymous_4)
FN:133,(anonymous_5)
FN:164,(anonymous_6)
FN:173,(anonymous_7)
FN:206,(anonymous_8)
FN:207,(anonymous_9)
FN:208,(anonymous_10)
FN:209,(anonymous_11)
FN:210,(anonymous_12)
FN:211,(anonymous_13)
FN:212,(anonymous_14)
FN:215,(anonymous_15)
FN:223,(anonymous_16)
FN:245,(anonymous_17)
FN:255,(anonymous_18)
FN:285,(anonymous_19)
FN:302,(anonymous_20)
FN:363,(anonymous_21)
FNF:22
FNH:10
FNDA:8,(anonymous_0)
FNDA:40,(anonymous_1)
FNDA:0,(anonymous_2)
FNDA:1,(anonymous_3)
FNDA:8,(anonymous_4)
FNDA:32,(anonymous_5)
FNDA:8,(anonymous_6)
FNDA:48,(anonymous_7)
FNDA:0,(anonymous_8)
FNDA:0,(anonymous_9)
FNDA:0,(anonymous_10)
FNDA:0,(anonymous_11)
FNDA:0,(anonymous_12)
FNDA:0,(anonymous_13)
FNDA:0,(anonymous_14)
FNDA:0,(anonymous_15)
FNDA:0,(anonymous_16)
FNDA:0,(anonymous_17)
FNDA:0,(anonymous_18)
FNDA:1,(anonymous_19)
FNDA:7,(anonymous_20)
FNDA:32,(anonymous_21)
DA:24,3
DA:33,8
DA:34,8
DA:35,8
DA:38,8
DA:39,8
DA:40,8
DA:43,8
DA:46,8
DA:49,8
DA:54,8
DA:59,8
DA:60,40
DA:61,40
DA:68,8
DA:69,0
DA:70,0
DA:71,0
DA:74,0
DA:75,0
DA:76,0
DA:79,0
DA:87,8
DA:88,1
DA:89,1
DA:92,1
DA:93,1
DA:96,1
DA:97,1
DA:98,1
DA:101,1
DA:102,1
DA:105,0
DA:106,0
DA:108,0
DA:109,0
DA:110,0
DA:111,0
DA:112,0
DA:115,0
DA:125,8
DA:126,8
DA:130,8
DA:131,8
DA:133,8
DA:136,32
DA:138,8
DA:139,8
DA:140,8
DA:143,24
DA:144,24
DA:148,32
DA:149,32
DA:156,8
DA:159,8
DA:164,8
DA:165,8
DA:166,8
DA:173,8
DA:174,48
DA:175,48
DA:176,48
DA:179,48
DA:180,16
DA:184,32
DA:189,0
DA:192,32
DA:204,8
DA:206,0
DA:207,0
DA:208,0
DA:209,0
DA:210,0
DA:211,0
DA:213,0
DA:215,0
DA:216,0
DA:217,0
DA:219,0
DA:220,0
DA:225,0
DA:227,0
DA:228,0
DA:231,0
DA:232,0
DA:237,0
DA:240,0
DA:241,0
DA:245,0
DA:246,0
DA:249,0
DA:253,0
DA:256,0
DA:258,0
DA:260,0
DA:261,0
DA:264,0
DA:267,0
DA:269,0
DA:271,0
DA:277,8
DA:285,8
DA:286,1
DA:288,1
DA:289,1
DA:290,1
DA:293,1
DA:294,1
DA:302,8
DA:304,7
DA:309,8
DA:310,8
DA:311,8
DA:312,8
DA:313,8
DA:316,8
DA:318,8
DA:322,8
DA:364,32
LF:119
LH:71
BRDA:75,0,0,0
BRDA:75,0,1,0
BRDA:92,1,0,1
BRDA:92,1,1,0
BRDA:101,2,0,0
BRDA:101,2,1,1
BRDA:102,3,0,1
BRDA:102,3,1,0
BRDA:106,4,0,0
BRDA:106,4,1,0
BRDA:136,5,0,8
BRDA:136,5,1,24
BRDA:148,6,0,32
BRDA:148,6,1,0
BRDA:148,7,0,32
BRDA:148,7,1,32
BRDA:179,8,0,16
BRDA:179,8,1,32
BRDA:179,9,0,48
BRDA:179,9,1,48
BRDA:184,10,0,0
BRDA:184,10,1,32
BRDA:185,11,0,32
BRDA:185,11,1,32
BRDA:185,11,2,32
BRDA:232,12,0,0
BRDA:232,12,1,0
BRDA:233,13,0,0
BRDA:233,13,1,0
BRDA:240,14,0,0
BRDA:240,14,1,0
BRDA:293,15,0,1
BRDA:293,15,1,0
BRDA:318,16,0,8
BRDA:318,16,1,0
BRDA:318,16,2,0
BRDA:333,17,0,0
BRDA:333,17,1,8
BRDA:334,18,0,0
BRDA:334,18,1,8
BRDA:338,19,0,8
BRDA:338,19,1,8
BRDA:414,20,0,0
BRDA:414,20,1,8
BRDA:415,21,0,0
BRDA:415,21,1,8
BRDA:416,22,0,0
BRDA:416,22,1,8
BRF:48
BRH:25
end_of_record
TN:
SF:src\components\Toast.tsx
FN:14,(anonymous_0)
FN:15,(anonymous_1)
FN:20,(anonymous_2)
FN:27,(anonymous_3)
FN:42,(anonymous_4)
FN:51,(anonymous_5)
FN:68,(anonymous_6)
FN:72,(anonymous_7)
FN:75,(anonymous_8)
FN:87,(anonymous_9)
FN:92,(anonymous_10)
FN:107,(anonymous_11)
FNF:12
FNH:0
FNDA:0,(anonymous_0)
FNDA:0,(anonymous_1)
FNDA:0,(anonymous_2)
FNDA:0,(anonymous_3)
FNDA:0,(anonymous_4)
FNDA:0,(anonymous_5)
FNDA:0,(anonymous_6)
FNDA:0,(anonymous_7)
FNDA:0,(anonymous_8)
FNDA:0,(anonymous_9)
FNDA:0,(anonymous_10)
FNDA:0,(anonymous_11)
DA:14,3
DA:15,0
DA:16,0
DA:18,0
DA:21,0
DA:27,0
DA:42,3
DA:48,0
DA:49,0
DA:51,0
DA:53,0
DA:68,0
DA:69,0
DA:72,0
DA:75,0
DA:76,0
DA:88,0
DA:92,0
DA:93,0
DA:95,0
DA:97,0
DA:99,0
DA:101,0
DA:103,0
DA:107,0
DA:108,0
DA:110,0
DA:112,0
DA:114,0
DA:116,0
DA:118,0
DA:122,0
DA:147,3
LF:33
LH:3
BRDA:45,0,0,0
BRDA:93,1,0,0
BRDA:93,1,1,0
BRDA:93,1,2,0
BRDA:93,1,3,0
BRDA:93,1,4,0
BRDA:108,2,0,0
BRDA:108,2,1,0
BRDA:108,2,2,0
BRDA:108,2,3,0
BRDA:108,2,4,0
BRF:11
BRH:0
end_of_record
TN:
SF:src\components\UserStatusSelector.tsx
FN:44,(anonymous_0)
FN:71,(anonymous_1)
FN:81,(anonymous_2)
FN:92,(anonymous_3)
FN:100,(anonymous_4)
FN:110,(anonymous_5)
FN:135,(anonymous_6)
FN:143,(anonymous_7)
FN:153,(anonymous_8)
FN:171,(anonymous_9)
FN:188,(anonymous_10)
FN:204,(anonymous_11)
FN:218,(anonymous_12)
FN:229,(anonymous_13)
FN:243,(anonymous_14)
FN:293,(anonymous_15)
FN:315,(anonymous_16)
FNF:17
FNH:0
FNDA:0,(anonymous_0)
FNDA:0,(anonymous_1)
FNDA:0,(anonymous_2)
FNDA:0,(anonymous_3)
FNDA:0,(anonymous_4)
FNDA:0,(anonymous_5)
FNDA:0,(anonymous_6)
FNDA:0,(anonymous_7)
FNDA:0,(anonymous_8)
FNDA:0,(anonymous_9)
FNDA:0,(anonymous_10)
FNDA:0,(anonymous_11)
FNDA:0,(anonymous_12)
FNDA:0,(anonymous_13)
FNDA:0,(anonymous_14)
FNDA:0,(anonymous_15)
FNDA:0,(anonymous_16)
DA:44,0
DA:53,0
DA:54,0
DA:55,0
DA:56,0
DA:57,0
DA:58,0
DA:60,0
DA:63,0
DA:64,0
DA:65,0
DA:66,0
DA:67,0
DA:68,0
DA:69,0
DA:71,0
DA:72,0
DA:74,0
DA:81,0
DA:82,0
DA:83,0
DA:84,0
DA:85,0
DA:86,0
DA:87,0
DA:90,0
DA:92,0
DA:100,0
DA:101,0
DA:102,0
DA:103,0
DA:110,0
DA:111,0
DA:112,0
DA:114,0
DA:116,0
DA:118,0
DA:120,0
DA:121,0
DA:124,0
DA:127,0
DA:135,0
DA:136,0
DA:143,0
DA:144,0
DA:145,0
DA:153,0
DA:158,0
DA:165,0
DA:171,0
DA:172,0
DA:188,0
DA:204,0
DA:218,0
DA:219,0
DA:221,0
DA:230,0
DA:243,0
DA:279,0
DA:280,0
DA:284,0
DA:285,0
DA:294,0
DA:296,0
DA:298,0
DA:299,0
DA:310,0
DA:317,0
DA:318,0
DA:361,0
LF:70
LH:0
BRDA:49,0,0,0
BRDA:50,1,0,0
BRDA:72,2,0,0
BRDA:72,2,1,0
BRDA:118,3,0,0
BRDA:118,3,1,0
BRDA:144,4,0,0
BRDA:144,4,1,0
BRDA:236,5,0,0
BRDA:236,5,1,0
BRDA:240,6,0,0
BRDA:240,6,1,0
BRDA:249,7,0,0
BRDA:249,7,1,0
BRDA:279,8,0,0
BRDA:279,8,1,0
BRDA:284,9,0,0
BRDA:284,9,1,0
BRDA:289,10,0,0
BRDA:289,10,1,0
BRDA:298,11,0,0
BRDA:298,11,1,0
BRDA:317,12,0,0
BRDA:317,12,1,0
BRDA:342,13,0,0
BRDA:342,13,1,0
BRDA:344,14,0,0
BRDA:344,14,1,0
BRF:28
BRH:0
end_of_record
TN:
SF:src\components\VersusBar.tsx
FN:37,(anonymous_0)
FN:47,(anonymous_1)
FN:62,(anonymous_2)
FNF:3
FNH:3
FNDA:38,(anonymous_0)
FNDA:38,(anonymous_1)
FNDA:38,(anonymous_2)
DA:37,5
DA:44,38
DA:47,38
DA:48,38
DA:49,38
DA:50,38
DA:52,38
DA:57,0
DA:62,38
DA:63,38
DA:68,38
LF:11
LH:10
BRDA:38,0,0,0
BRDA:39,1,0,26
BRDA:40,2,0,36
BRDA:41,3,0,38
BRDA:42,4,0,38
BRDA:50,5,0,36
BRDA:50,5,1,2
BRDA:109,6,0,38
BRDA:109,6,1,36
BRF:9
BRH:8
end_of_record
TN:
SF:src\components\VirtualizedList.tsx
FN:27,VirtualizedList
FN:38,(anonymous_1)
FN:40,(anonymous_2)
FN:50,(anonymous_3)
FN:106,VirtualizedSectionList
FN:117,(anonymous_5)
FN:125,(anonymous_6)
FN:130,(anonymous_7)
FN:139,(anonymous_8)
FN:148,(anonymous_9)
FN:150,(anonymous_10)
FN:175,(anonymous_11)
FNF:12
FNH:0
FNDA:0,VirtualizedList
FNDA:0,(anonymous_1)
FNDA:0,(anonymous_2)
FNDA:0,(anonymous_3)
FNDA:0,VirtualizedSectionList
FNDA:0,(anonymous_5)
FNDA:0,(anonymous_6)
FNDA:0,(anonymous_7)
FNDA:0,(anonymous_8)
FNDA:0,(anonymous_9)
FNDA:0,(anonymous_10)
FNDA:0,(anonymous_11)
DA:38,0
DA:39,0
DA:40,0
DA:46,0
DA:50,0
DA:51,0
DA:52,0
DA:55,0
DA:56,0
DA:58,0
DA:61,0
DA:117,0
DA:123,0
DA:125,0
DA:127,0
DA:130,0
DA:131,0
DA:135,0
DA:139,0
DA:140,0
DA:141,0
DA:144,0
DA:148,0
DA:149,0
DA:150,0
DA:152,0
DA:153,0
DA:155,0
DA:156,0
DA:157,0
DA:159,0
DA:164,0
DA:166,0
DA:168,0
DA:171,0
DA:175,0
DA:176,0
DA:177,0
DA:180,0
DA:181,0
DA:184,0
DA:187,0
DA:204,0
LF:43
LH:0
BRDA:31,0,0,0
BRDA:34,1,0,0
BRDA:39,2,0,0
BRDA:39,2,1,0
BRDA:51,3,0,0
BRDA:51,3,1,0
BRDA:55,4,0,0
BRDA:55,4,1,0
BRDA:55,5,0,0
BRDA:55,5,1,0
BRDA:55,5,2,0
BRDA:76,6,0,0
BRDA:76,6,1,0
BRDA:111,7,0,0
BRDA:114,8,0,0
BRDA:140,9,0,0
BRDA:140,9,1,0
BRDA:141,10,0,0
BRDA:141,10,1,0
BRDA:149,11,0,0
BRDA:149,11,1,0
BRDA:149,12,0,0
BRDA:149,12,1,0
BRDA:155,13,0,0
BRDA:155,13,1,0
BRDA:156,14,0,0
BRDA:156,14,1,0
BRDA:166,15,0,0
BRDA:166,15,1,0
BRDA:176,16,0,0
BRDA:176,16,1,0
BRDA:180,17,0,0
BRDA:180,17,1,0
BRDA:180,18,0,0
BRDA:180,18,1,0
BRF:35
BRH:0
end_of_record
TN:
SF:src\components\index.ts
FN:16,(anonymous_0)
FN:17,(anonymous_1)
FN:22,(anonymous_2)
FN:23,(anonymous_3)
FN:29,(anonymous_4)
FN:32,(anonymous_5)
FN:33,(anonymous_6)
FN:38,(anonymous_7)
FN:39,(anonymous_8)
FN:44,(anonymous_9)
FN:45,(anonymous_10)
FN:50,(anonymous_11)
FN:51,(anonymous_12)
FN:56,(anonymous_13)
FN:57,(anonymous_14)
FN:62,(anonymous_15)
FNF:16
FNH:4
FNDA:0,(anonymous_0)
FNDA:0,(anonymous_1)
FNDA:1,(anonymous_2)
FNDA:0,(anonymous_3)
FNDA:1,(anonymous_4)
FNDA:0,(anonymous_5)
FNDA:0,(anonymous_6)
FNDA:0,(anonymous_7)
FNDA:0,(anonymous_8)
FNDA:0,(anonymous_9)
FNDA:0,(anonymous_10)
FNDA:1,(anonymous_11)
FNDA:0,(anonymous_12)
FNDA:0,(anonymous_13)
FNDA:0,(anonymous_14)
FNDA:1,(anonymous_15)
DA:16,3
DA:17,0
DA:22,3
DA:23,1
DA:28,3
DA:29,1
DA:32,3
DA:33,0
DA:38,3
DA:39,0
DA:44,3
DA:45,0
DA:50,3
DA:51,1
DA:56,3
DA:57,0
DA:62,3
LF:17
LH:12
BRF:0
BRH:0
end_of_record
TN:
SF:src\components\gluestack\Button.tsx
FN:55,(anonymous_0)
FN:64,(anonymous_1)
FNF:2
FNH:2
FNDA:189,(anonymous_0)
FNDA:189,(anonymous_1)
DA:55,7
DA:64,189
DA:65,189
DA:67,186
DA:72,1
DA:77,1
DA:82,1
DA:87,0
DA:94,189
DA:96,189
LF:10
LH:9
BRDA:56,0,0,180
BRDA:57,1,0,188
BRDA:60,2,0,188
BRDA:65,3,0,186
BRDA:65,3,1,1
BRDA:65,3,2,1
BRDA:65,3,3,1
BRDA:65,3,4,0
BRDA:99,4,0,189
BRDA:99,4,1,188
BRDA:103,5,0,189
BRDA:103,5,1,1
BRF:12
BRH:11
end_of_record
TN:
SF:src\components\gluestack\DataCard.tsx
FN:42,(anonymous_0)
FN:99,(anonymous_1)
FNF:2
FNH:2
FNDA:190,(anonymous_0)
FNDA:1,(anonymous_1)
DA:42,7
DA:52,190
DA:95,190
DA:96,1
DA:99,1
DA:108,189
LF:6
LH:6
BRDA:48,0,0,189
BRDA:49,1,0,189
BRDA:57,2,0,189
BRDA:57,2,1,1
BRDA:58,3,0,189
BRDA:58,3,1,1
BRDA:59,4,0,189
BRDA:59,4,1,1
BRDA:62,5,0,1
BRDA:62,5,1,189
BRDA:63,6,0,1
BRDA:63,6,1,189
BRDA:64,7,0,1
BRDA:64,7,1,189
BRDA:65,8,0,1
BRDA:65,8,1,189
BRDA:72,9,0,190
BRDA:72,9,1,1
BRDA:85,10,0,190
BRDA:85,10,1,4
BRDA:95,11,0,1
BRDA:95,11,1,189
BRDA:100,12,0,0
BRDA:100,12,1,1
BRDA:101,13,0,0
BRDA:101,13,1,1
BRF:26
BRH:24
end_of_record
TN:
SF:src\components\gluestack\Input.tsx
FN:68,(anonymous_0)
FNF:1
FNH:1
FNDA:20,(anonymous_0)
DA:68,1
DA:81,20
LF:2
LH:2
BRDA:69,0,0,18
BRDA:72,1,0,17
BRDA:73,2,0,17
BRDA:76,3,0,19
BRDA:77,4,0,19
BRDA:78,5,0,20
BRDA:88,6,0,20
BRDA:88,6,1,2
BRDA:112,7,0,20
BRDA:112,7,1,0
BRDA:132,8,0,20
BRDA:132,8,1,0
BRDA:140,9,0,20
BRDA:140,9,1,2
BRDA:140,9,2,2
BRF:15
BRH:13
end_of_record
TN:
SF:src\components\gluestack\StatusButton.tsx
FN:56,(anonymous_0)
FN:65,(anonymous_1)
FN:82,(anonymous_2)
FNF:3
FNH:3
FNDA:44,(anonymous_0)
FNDA:44,(anonymous_1)
FNDA:44,(anonymous_2)
DA:56,6
DA:65,44
DA:66,44
DA:68,26
DA:70,10
DA:72,8
DA:74,0
DA:82,44
DA:83,44
DA:86,44
LF:10
LH:9
BRDA:59,0,0,37
BRDA:66,1,0,26
BRDA:66,1,1,10
BRDA:66,1,2,8
BRDA:66,1,3,0
BRDA:83,2,0,8
BRDA:83,2,1,36
BRF:7
BRH:6
end_of_record
TN:
SF:src\components\gluestack\StatusIndicator.tsx
FN:51,(anonymous_0)
FN:60,(anonymous_1)
FN:76,(anonymous_2)
FNF:3
FNH:3
FNDA:52,(anonymous_0)
FNDA:52,(anonymous_1)
FNDA:50,(anonymous_2)
DA:51,5
DA:60,52
DA:61,52
DA:63,24
DA:65,16
DA:67,12
DA:69,0
DA:76,52
DA:77,50
DA:79,23
DA:81,15
DA:83,12
DA:85,0
DA:89,52
DA:92,52
DA:93,12
DA:101,40
LF:17
LH:15
BRDA:53,0,0,44
BRDA:54,1,0,38
BRDA:61,2,0,24
BRDA:61,2,1,16
BRDA:61,2,2,12
BRDA:61,2,3,0
BRDA:77,3,0,23
BRDA:77,3,1,15
BRDA:77,3,2,12
BRDA:77,3,3,0
BRDA:89,4,0,52
BRDA:89,4,1,50
BRDA:92,5,0,12
BRDA:92,5,1,40
BRDA:107,6,0,2
BRDA:107,6,1,38
BRDA:107,7,0,36
BRDA:107,7,1,2
BRDA:108,8,0,2
BRDA:108,8,1,38
BRDA:108,9,0,36
BRDA:108,9,1,2
BRF:22
BRH:20
end_of_record
TN:
SF:src\components\gluestack\examples.tsx
FN:16,(anonymous_0)
FN:19,(anonymous_1)
FN:21,(anonymous_2)
FN:128,(anonymous_3)
FN:133,(anonymous_4)
FN:142,(anonymous_5)
FN:145,(anonymous_6)
FN:148,(anonymous_7)
FN:158,(anonymous_8)
FN:165,(anonymous_9)
FN:301,(anonymous_10)
FN:310,(anonymous_11)
FN:313,(anonymous_12)
FN:391,(anonymous_13)
FN:449,(anonymous_14)
FNF:15
FNH:0
FNDA:0,(anonymous_0)
FNDA:0,(anonymous_1)
FNDA:0,(anonymous_2)
FNDA:0,(anonymous_3)
FNDA:0,(anonymous_4)
FNDA:0,(anonymous_5)
FNDA:0,(anonymous_6)
FNDA:0,(anonymous_7)
FNDA:0,(anonymous_8)
FNDA:0,(anonymous_9)
FNDA:0,(anonymous_10)
FNDA:0,(anonymous_11)
FNDA:0,(anonymous_12)
FNDA:0,(anonymous_13)
FNDA:0,(anonymous_14)
DA:16,0
DA:17,0
DA:19,0
DA:20,0
DA:21,0
DA:24,0
DA:128,0
DA:133,0
DA:142,0
DA:145,0
DA:148,0
DA:158,0
DA:159,0
DA:160,0
DA:161,0
DA:162,0
DA:163,0
DA:165,0
DA:166,0
DA:167,0
DA:168,0
DA:170,0
DA:171,0
DA:175,0
DA:301,0
DA:310,0
DA:311,0
DA:313,0
DA:314,0
DA:315,0
DA:318,0
DA:391,0
DA:449,0
DA:450,0
LF:34
LH:0
BRDA:70,0,0,0
BRDA:70,0,1,0
BRDA:167,1,0,0
BRDA:167,1,1,0
BRDA:167,2,0,0
BRDA:167,2,1,0
BRF:6
BRH:0
end_of_record
TN:
SF:src\components\gluestack\index.ts
FNF:0
FNH:0
LF:0
LH:0
BRF:0
BRH:0
end_of_record
TN:
SF:src\constants\index.ts
FNF:0
FNH:0
DA:2,2
DA:13,2
DA:22,2
DA:58,2
DA:73,2
DA:98,2
DA:105,2
DA:113,2
DA:122,2
DA:131,2
LF:10
LH:10
BRF:0
BRH:0
end_of_record
TN:
SF:src\data\chinaRegions.ts
FN:100,(anonymous_0)
FN:101,(anonymous_1)
FN:107,(anonymous_2)
FN:108,(anonymous_3)
FNF:4
FNH:2
FNDA:23,(anonymous_0)
FNDA:161,(anonymous_1)
FNDA:0,(anonymous_2)
FNDA:0,(anonymous_3)
DA:11,5
DA:100,5
DA:101,161
DA:107,5
DA:108,0
DA:109,0
LF:6
LH:4
BRDA:109,0,0,0
BRDA:109,0,1,0
BRF:2
BRH:0
end_of_record
TN:
SF:src\hooks\redux.ts
FN:5,(anonymous_0)
FNF:1
FNH:1
FNDA:307,(anonymous_0)
DA:5,307
DA:6,10
LF:2
LH:2
BRF:0
BRH:0
end_of_record
TN:
SF:src\hooks\useAuth.ts
FN:27,(anonymous_0)
FN:37,(anonymous_1)
FN:38,(anonymous_2)
FN:74,(anonymous_3)
FN:93,(anonymous_4)
FN:100,(anonymous_5)
FN:128,(anonymous_6)
FN:153,(anonymous_7)
FN:174,(anonymous_8)
FN:202,(anonymous_9)
FNF:10
FNH:0
FNDA:0,(anonymous_0)
FNDA:0,(anonymous_1)
FNDA:0,(anonymous_2)
FNDA:0,(anonymous_3)
FNDA:0,(anonymous_4)
FNDA:0,(anonymous_5)
FNDA:0,(anonymous_6)
FNDA:0,(anonymous_7)
FNDA:0,(anonymous_8)
FNDA:0,(anonymous_9)
DA:27,0
DA:28,0
DA:29,0
DA:30,0
DA:31,0
DA:33,0
DA:34,0
DA:37,0
DA:38,0
DA:39,0
DA:40,0
DA:41,0
DA:43,0
DA:44,0
DA:45,0
DA:50,0
DA:51,0
DA:53,0
DA:54,0
DA:55,0
DA:56,0
DA:57,0
DA:62,0
DA:63,0
DA:65,0
DA:69,0
DA:74,0
DA:75,0
DA:76,0
DA:77,0
DA:78,0
DA:79,0
DA:80,0
DA:81,0
DA:84,0
DA:86,0
DA:87,0
DA:88,0
DA:89,0
DA:93,0
DA:94,0
DA:99,0
DA:104,0
DA:105,0
DA:106,0
DA:108,0
DA:110,0
DA:111,0
DA:112,0
DA:114,0
DA:116,0
DA:117,0
DA:118,0
DA:120,0
DA:127,0
DA:129,0
DA:130,0
DA:131,0
DA:133,0
DA:138,0
DA:139,0
DA:140,0
DA:142,0
DA:143,0
DA:144,0
DA:146,0
DA:153,0
DA:154,0
DA:155,0
DA:156,0
DA:158,0
DA:159,0
DA:161,0
DA:162,0
DA:164,0
DA:165,0
DA:166,0
DA:168,0
DA:173,0
DA:175,0
DA:176,0
DA:177,0
DA:179,0
DA:180,0
DA:183,0
DA:188,0
DA:189,0
DA:191,0
DA:192,0
DA:193,0
DA:195,0
DA:202,0
DA:203,0
DA:206,0
DA:207,0
DA:208,0
DA:209,0
DA:210,0
DA:211,0
DA:212,0
DA:215,0
DA:216,0
DA:217,0
DA:220,0
DA:224,0
LF:105
LH:0
BRDA:43,0,0,0
BRDA:43,0,1,0
BRDA:51,1,0,0
BRDA:51,1,1,0
BRDA:54,2,0,0
BRDA:54,2,1,0
BRDA:75,3,0,0
BRDA:75,3,1,0
BRDA:75,4,0,0
BRDA:75,4,1,0
BRDA:78,5,0,0
BRDA:78,5,1,0
BRDA:86,6,0,0
BRDA:86,6,1,0
BRDA:117,7,0,0
BRDA:117,7,1,0
BRDA:143,8,0,0
BRDA:143,8,1,0
BRDA:165,9,0,0
BRDA:165,9,1,0
BRDA:179,10,0,0
BRDA:179,10,1,0
BRDA:192,11,0,0
BRDA:192,11,1,0
BRDA:207,12,0,0
BRDA:207,12,1,0
BRDA:209,13,0,0
BRDA:209,13,1,0
BRF:28
BRH:0
end_of_record
TN:
SF:src\hooks\useDebounce.ts
FN:15,useDebounce
FN:18,(anonymous_1)
FN:19,(anonymous_2)
FN:23,(anonymous_3)
FN:37,useDebouncedCallback
FN:45,(anonymous_5)
FN:50,(anonymous_6)
FN:51,(anonymous_7)
FN:59,(anonymous_8)
FN:64,(anonymous_9)
FN:79,useThrottle
FN:88,(anonymous_11)
FN:93,(anonymous_12)
FN:94,(anonymous_13)
FN:102,(anonymous_14)
FN:116,(anonymous_15)
FNF:16
FNH:0
FNDA:0,useDebounce
FNDA:0,(anonymous_1)
FNDA:0,(anonymous_2)
FNDA:0,(anonymous_3)
FNDA:0,useDebouncedCallback
FNDA:0,(anonymous_5)
FNDA:0,(anonymous_6)
FNDA:0,(anonymous_7)
FNDA:0,(anonymous_8)
FNDA:0,(anonymous_9)
FNDA:0,useThrottle
FNDA:0,(anonymous_11)
FNDA:0,(anonymous_12)
FNDA:0,(anonymous_13)
FNDA:0,(anonymous_14)
FNDA:0,(anonymous_15)
DA:16,0
DA:18,0
DA:19,0
DA:20,0
DA:23,0
DA:24,0
DA:28,0
DA:41,0
DA:42,0
DA:45,0
DA:46,0
DA:50,0
DA:51,0
DA:52,0
DA:53,0
DA:58,0
DA:60,0
DA:61,0
DA:64,0
DA:65,0
DA:83,0
DA:84,0
DA:85,0
DA:88,0
DA:89,0
DA:93,0
DA:94,0
DA:95,0
DA:96,0
DA:101,0
DA:103,0
DA:104,0
DA:106,0
DA:108,0
DA:109,0
DA:112,0
DA:113,0
DA:116,0
DA:117,0
DA:118,0
LF:40
LH:0
BRDA:15,0,0,0
BRDA:39,1,0,0
BRDA:52,2,0,0
BRDA:52,2,1,0
BRDA:60,3,0,0
BRDA:60,3,1,0
BRDA:81,4,0,0
BRDA:95,5,0,0
BRDA:95,5,1,0
BRDA:106,6,0,0
BRDA:106,6,1,0
BRDA:112,7,0,0
BRDA:112,7,1,0
BRF:13
BRH:0
end_of_record
TN:
SF:src\hooks\useErrorHandler.ts
FN:11,(anonymous_0)
FN:18,(anonymous_1)
FN:39,(anonymous_2)
FN:55,(anonymous_3)
FN:71,(anonymous_4)
FNF:5
FNH:0
FNDA:0,(anonymous_0)
FNDA:0,(anonymous_1)
FNDA:0,(anonymous_2)
FNDA:0,(anonymous_3)
FNDA:0,(anonymous_4)
DA:11,0
DA:12,0
DA:17,0
DA:19,0
DA:22,0
DA:30,0
DA:38,0
DA:40,0
DA:54,0
DA:56,0
DA:70,0
DA:72,0
DA:83,0
LF:13
LH:0
BRDA:25,0,0,0
BRDA:25,0,1,0
BRDA:39,1,0,0
BRDA:55,2,0,0
BRDA:71,3,0,0
BRF:5
BRH:0
end_of_record
TN:
SF:src\hooks\useErrorRecovery.ts
FN:21,(anonymous_0)
FN:30,(anonymous_1)
FN:50,(anonymous_2)
FN:54,(anonymous_3)
FN:67,(anonymous_4)
FN:99,(anonymous_5)
FN:106,(anonymous_6)
FNF:7
FNH:0
FNDA:0,(anonymous_0)
FNDA:0,(anonymous_1)
FNDA:0,(anonymous_2)
FNDA:0,(anonymous_3)
FNDA:0,(anonymous_4)
FNDA:0,(anonymous_5)
FNDA:0,(anonymous_6)
DA:21,0
DA:22,0
DA:23,0
DA:24,0
DA:29,0
DA:41,0
DA:43,0
DA:45,0
DA:48,0
DA:50,0
DA:51,0
DA:55,0
DA:56,0
DA:57,0
DA:64,0
DA:68,0
DA:69,0
DA:70,0
DA:76,0
DA:77,0
DA:80,0
DA:81,0
DA:83,0
DA:85,0
DA:86,0
DA:89,0
DA:90,0
DA:99,0
DA:100,0
DA:106,0
DA:107,0
DA:110,0
LF:32
LH:0
BRDA:32,0,0,0
BRDA:35,1,0,0
BRDA:36,2,0,0
BRDA:37,3,0,0
BRDA:48,4,0,0
BRDA:48,4,1,0
BRDA:56,5,0,0
BRDA:56,5,1,0
BRDA:69,6,0,0
BRDA:69,6,1,0
BRDA:76,7,0,0
BRDA:76,7,1,0
BRDA:85,8,0,0
BRDA:85,8,1,0
BRF:14
BRH:0
end_of_record
TN:
SF:src\hooks\useFormValidation.ts
FN:51,useFormValidation
FN:55,(anonymous_1)
FN:57,(anonymous_2)
FN:70,(anonymous_3)
FN:71,(anonymous_4)
FN:89,(anonymous_5)
FN:90,(anonymous_6)
FN:108,(anonymous_7)
FN:122,(anonymous_8)
FN:136,(anonymous_9)
FN:149,(anonymous_10)
FN:160,(anonymous_11)
FN:175,(anonymous_12)
FN:178,(anonymous_13)
FN:180,(anonymous_14)
FN:184,(anonymous_15)
FN:186,(anonymous_16)
FN:199,(anonymous_17)
FN:202,(anonymous_18)
FN:203,(anonymous_19)
FN:212,(anonymous_20)
FN:219,(anonymous_21)
FN:220,(anonymous_22)
FN:238,(anonymous_23)
FN:239,(anonymous_24)
FN:248,(anonymous_25)
FN:249,(anonymous_26)
FN:253,(anonymous_27)
FN:254,(anonymous_28)
FN:258,(anonymous_29)
FN:259,(anonymous_30)
FN:263,(anonymous_31)
FN:264,(anonymous_32)
FN:268,(anonymous_33)
FN:269,(anonymous_34)
FN:273,(anonymous_35)
FNF:36
FNH:0
FNDA:0,useFormValidation
FNDA:0,(anonymous_1)
FNDA:0,(anonymous_2)
FNDA:0,(anonymous_3)
FNDA:0,(anonymous_4)
FNDA:0,(anonymous_5)
FNDA:0,(anonymous_6)
FNDA:0,(anonymous_7)
FNDA:0,(anonymous_8)
FNDA:0,(anonymous_9)
FNDA:0,(anonymous_10)
FNDA:0,(anonymous_11)
FNDA:0,(anonymous_12)
FNDA:0,(anonymous_13)
FNDA:0,(anonymous_14)
FNDA:0,(anonymous_15)
FNDA:0,(anonymous_16)
FNDA:0,(anonymous_17)
FNDA:0,(anonymous_18)
FNDA:0,(anonymous_19)
FNDA:0,(anonymous_20)
FNDA:0,(anonymous_21)
FNDA:0,(anonymous_22)
FNDA:0,(anonymous_23)
FNDA:0,(anonymous_24)
FNDA:0,(anonymous_25)
FNDA:0,(anonymous_26)
FNDA:0,(anonymous_27)
FNDA:0,(anonymous_28)
FNDA:0,(anonymous_29)
FNDA:0,(anonymous_30)
FNDA:0,(anonymous_31)
FNDA:0,(anonymous_32)
FNDA:0,(anonymous_33)
FNDA:0,(anonymous_34)
FNDA:0,(anonymous_35)
DA:55,0
DA:56,0
DA:57,0
DA:58,0
DA:65,0
DA:69,0
DA:71,0
DA:80,0
DA:81,0
DA:88,0
DA:90,0
DA:99,0
DA:100,0
DA:107,0
DA:109,0
DA:110,0
DA:112,0
DA:113,0
DA:117,0
DA:118,0
DA:122,0
DA:130,0
DA:132,0
DA:133,0
DA:134,0
DA:136,0
DA:144,0
DA:149,0
DA:157,0
DA:159,0
DA:160,0
DA:168,0
DA:175,0
DA:176,0
DA:177,0
DA:178,0
DA:180,0
DA:184,0
DA:185,0
DA:186,0
DA:187,0
DA:194,0
DA:198,0
DA:200,0
DA:202,0
DA:203,0
DA:211,0
DA:213,0
DA:214,0
DA:219,0
DA:220,0
DA:222,0
DA:237,0
DA:238,0
DA:240,0
DA:241,0
DA:243,0
DA:248,0
DA:249,0
DA:253,0
DA:254,0
DA:258,0
DA:259,0
DA:263,0
DA:264,0
DA:268,0
DA:269,0
DA:276,0
LF:68
LH:0
BRDA:80,0,0,0
BRDA:80,0,1,0
BRDA:80,1,0,0
BRDA:80,1,1,0
BRDA:99,2,0,0
BRDA:99,2,1,0
BRDA:99,3,0,0
BRDA:99,3,1,0
BRDA:112,4,0,0
BRDA:112,4,1,0
BRDA:112,5,0,0
BRDA:112,5,1,0
BRDA:117,6,0,0
BRDA:117,6,1,0
BRDA:117,7,0,0
BRDA:117,7,1,0
BRDA:134,8,0,0
BRDA:134,8,1,0
BRDA:201,9,0,0
BRDA:201,9,1,0
BRDA:204,10,0,0
BRDA:204,10,1,0
BRDA:238,11,0,0
BRDA:240,12,0,0
BRDA:240,12,1,0
BRDA:243,13,0,0
BRDA:243,13,1,0
BRDA:250,14,0,0
BRDA:250,14,1,0
BRDA:255,15,0,0
BRDA:255,15,1,0
BRDA:263,16,0,0
BRDA:268,17,0,0
BRF:33
BRH:0
end_of_record
TN:
SF:src\hooks\useHistoricalData.ts
FN:17,(anonymous_0)
FN:19,(anonymous_1)
FN:21,(anonymous_2)
FN:24,(anonymous_3)
FN:26,(anonymous_4)
FN:35,(anonymous_5)
FN:45,(anonymous_6)
FN:54,(anonymous_7)
FN:67,(anonymous_8)
FN:74,(anonymous_9)
FN:101,(anonymous_10)
FN:202,(anonymous_11)
FN:217,(anonymous_12)
FN:223,(anonymous_13)
FN:240,(anonymous_14)
FN:253,(anonymous_15)
FN:260,(anonymous_16)
FN:278,(anonymous_17)
FNF:18
FNH:5
FNDA:18,(anonymous_0)
FNDA:36,(anonymous_1)
FNDA:36,(anonymous_2)
FNDA:36,(anonymous_3)
FNDA:36,(anonymous_4)
FNDA:0,(anonymous_5)
FNDA:0,(anonymous_6)
FNDA:0,(anonymous_7)
FNDA:0,(anonymous_8)
FNDA:0,(anonymous_9)
FNDA:0,(anonymous_10)
FNDA:0,(anonymous_11)
FNDA:0,(anonymous_12)
FNDA:0,(anonymous_13)
FNDA:0,(anonymous_14)
FNDA:0,(anonymous_15)
FNDA:0,(anonymous_16)
FNDA:0,(anonymous_17)
DA:17,1
DA:18,18
DA:19,36
DA:20,18
DA:21,36
DA:23,18
DA:24,36
DA:26,36
DA:29,18
DA:30,18
DA:35,18
DA:36,0
DA:37,0
DA:38,0
DA:39,0
DA:45,18
DA:46,0
DA:47,0
DA:48,0
DA:54,18
DA:55,0
DA:56,0
DA:57,0
DA:58,0
DA:59,0
DA:60,0
DA:61,0
DA:67,18
DA:68,0
DA:74,0
DA:100,18
DA:103,0
DA:104,0
DA:107,0
DA:108,0
DA:112,0
DA:114,0
DA:119,0
DA:120,0
DA:123,0
DA:124,0
DA:126,0
DA:127,0
DA:131,0
DA:132,0
DA:133,0
DA:134,0
DA:136,0
DA:140,0
DA:141,0
DA:142,0
DA:145,0
DA:147,0
DA:148,0
DA:153,0
DA:163,0
DA:166,0
DA:168,0
DA:172,0
DA:183,0
DA:184,0
DA:187,0
DA:189,0
DA:190,0
DA:192,0
DA:202,18
DA:203,0
DA:205,0
DA:206,0
DA:208,0
DA:212,0
DA:213,0
DA:217,0
DA:219,0
DA:220,0
DA:223,0
DA:224,0
DA:225,0
DA:239,18
DA:241,0
DA:242,0
DA:245,0
DA:246,0
DA:247,0
DA:248,0
DA:252,0
DA:253,0
DA:256,0
DA:259,0
DA:260,0
DA:261,0
DA:263,0
DA:264,0
DA:265,0
DA:270,0
DA:272,0
DA:273,0
DA:277,0
DA:278,0
DA:279,0
DA:280,0
DA:284,0
DA:290,18
LF:103
LH:18
BRDA:54,0,0,0
BRDA:89,1,0,0
BRDA:89,1,1,0
BRDA:107,2,0,0
BRDA:107,2,1,0
BRDA:114,3,0,0
BRDA:114,3,1,0
BRDA:114,3,2,0
BRDA:119,4,0,0
BRDA:119,4,1,0
BRDA:123,5,0,0
BRDA:123,5,1,0
BRDA:132,6,0,0
BRDA:132,6,1,0
BRDA:133,7,0,0
BRDA:133,7,1,0
BRDA:147,8,0,0
BRDA:147,8,1,0
BRDA:203,9,0,0
BRDA:203,9,1,0
BRDA:205,10,0,0
BRDA:205,10,1,0
BRDA:212,11,0,0
BRDA:212,11,1,0
BRDA:224,12,0,0
BRDA:224,12,1,0
BRDA:240,13,0,0
BRDA:246,14,0,0
BRDA:246,14,1,0
BRDA:256,15,0,0
BRDA:256,15,1,0
BRDA:264,16,0,0
BRDA:264,16,1,0
BRDA:279,17,0,0
BRDA:279,17,1,0
BRF:35
BRH:0
end_of_record
TN:
SF:src\hooks\useLoadingState.ts
FN:27,useLoadingState
FN:34,(anonymous_1)
FN:40,(anonymous_2)
FN:47,(anonymous_3)
FN:55,(anonymous_4)
FNF:5
FNH:0
FNDA:0,useLoadingState
FNDA:0,(anonymous_1)
FNDA:0,(anonymous_2)
FNDA:0,(anonymous_3)
FNDA:0,(anonymous_4)
DA:30,0
DA:31,0
DA:34,0
DA:35,0
DA:36,0
DA:40,0
DA:41,0
DA:42,0
DA:46,0
DA:48,0
DA:54,0
DA:59,0
DA:60,0
DA:61,0
DA:63,0
DA:69,0
LF:16
LH:0
BRDA:28,0,0,0
BRDA:34,1,0,0
BRDA:40,2,0,0
BRDA:57,3,0,0
BRF:4
BRH:0
end_of_record
TN:
SF:src\hooks\useOfflineQueue.ts
FN:9,(anonymous_0)
FN:21,(anonymous_1)
FN:23,(anonymous_2)
FN:29,(anonymous_3)
FN:33,(anonymous_4)
FN:39,(anonymous_5)
FN:43,(anonymous_6)
FNF:7
FNH:0
FNDA:0,(anonymous_0)
FNDA:0,(anonymous_1)
FNDA:0,(anonymous_2)
FNDA:0,(anonymous_3)
FNDA:0,(anonymous_4)
FNDA:0,(anonymous_5)
FNDA:0,(anonymous_6)
DA:9,0
DA:10,0
DA:17,0
DA:21,0
DA:23,0
DA:24,0
DA:25,0
DA:29,0
DA:30,0
DA:33,0
DA:34,0
DA:35,0
DA:39,0
DA:40,0
DA:43,0
DA:44,0
DA:45,0
DA:48,0
LF:18
LH:0
BRF:0
BRH:0
end_of_record
TN:
SF:src\hooks\usePerformanceOptimization.ts
FN:21,(anonymous_0)
FN:38,(anonymous_1)
FN:55,(anonymous_2)
FN:58,(anonymous_3)
FN:68,(anonymous_4)
FN:69,(anonymous_5)
FN:81,(anonymous_6)
FN:89,(anonymous_7)
FN:99,(anonymous_8)
FN:114,(anonymous_9)
FN:128,(anonymous_10)
FNF:11
FNH:0
FNDA:0,(anonymous_0)
FNDA:0,(anonymous_1)
FNDA:0,(anonymous_2)
FNDA:0,(anonymous_3)
FNDA:0,(anonymous_4)
FNDA:0,(anonymous_5)
FNDA:0,(anonymous_6)
FNDA:0,(anonymous_7)
FNDA:0,(anonymous_8)
FNDA:0,(anonymous_9)
FNDA:0,(anonymous_10)
DA:21,0
DA:28,0
DA:30,0
DA:31,0
DA:32,0
DA:33,0
DA:34,0
DA:35,0
DA:38,0
DA:39,0
DA:41,0
DA:42,0
DA:43,0
DA:46,0
DA:47,0
DA:55,0
DA:56,0
DA:58,0
DA:59,0
DA:61,0
DA:64,0
DA:68,0
DA:69,0
DA:70,0
DA:71,0
DA:74,0
DA:81,0
DA:82,0
DA:88,0
DA:90,0
DA:91,0
DA:92,0
DA:95,0
DA:96,0
DA:97,0
DA:99,0
DA:100,0
DA:104,0
DA:113,0
DA:115,0
DA:116,0
DA:117,0
DA:119,0
DA:128,0
DA:129,0
DA:137,0
LF:46
LH:0
BRDA:22,0,0,0
BRDA:25,1,0,0
BRDA:26,2,0,0
BRDA:27,3,0,0
BRDA:41,4,0,0
BRDA:41,4,1,0
BRDA:46,5,0,0
BRDA:46,5,1,0
BRDA:56,6,0,0
BRDA:56,6,1,0
BRDA:90,7,0,0
BRDA:90,7,1,0
BRDA:95,8,0,0
BRDA:95,8,1,0
BRF:14
BRH:0
end_of_record
TN:
SF:src\hooks\useRealTimeData.ts
FN:20,(anonymous_0)
FN:34,(anonymous_1)
FN:45,(anonymous_2)
FN:54,(anonymous_3)
FN:62,(anonymous_4)
FN:73,(anonymous_5)
FN:81,(anonymous_6)
FN:84,(anonymous_7)
FN:121,(anonymous_8)
FN:148,(anonymous_9)
FN:155,(anonymous_10)
FNF:11
FNH:1
FNDA:31,(anonymous_0)
FNDA:0,(anonymous_1)
FNDA:0,(anonymous_2)
FNDA:0,(anonymous_3)
FNDA:0,(anonymous_4)
FNDA:0,(anonymous_5)
FNDA:0,(anonymous_6)
FNDA:0,(anonymous_7)
FNDA:0,(anonymous_8)
FNDA:0,(anonymous_9)
FNDA:0,(anonymous_10)
DA:20,2
DA:21,31
DA:22,31
DA:27,31
DA:28,31
DA:33,31
DA:35,0
DA:36,0
DA:44,31
DA:46,0
DA:54,31
DA:55,0
DA:61,31
DA:63,0
DA:64,0
DA:65,0
DA:73,31
DA:74,0
DA:81,31
DA:82,0
DA:84,0
DA:85,0
DA:87,0
DA:90,0
DA:92,0
DA:93,0
DA:96,0
DA:100,0
DA:103,0
DA:106,0
DA:109,0
DA:114,0
DA:118,0
DA:121,0
DA:122,0
DA:125,0
DA:126,0
DA:127,0
DA:128,0
DA:129,0
DA:132,0
DA:133,0
DA:135,0
DA:148,31
DA:149,0
DA:155,31
DA:156,0
DA:159,31
LF:48
LH:14
BRDA:92,0,0,0
BRDA:92,0,1,0
BRF:2
BRH:0
end_of_record
TN:
SF:src\hooks\useSupabaseHistorical.ts
FN:14,(anonymous_0)
FN:16,(anonymous_1)
FN:18,(anonymous_2)
FN:33,(anonymous_3)
FN:44,(anonymous_4)
FN:81,(anonymous_5)
FN:107,(anonymous_6)
FN:120,(anonymous_7)
FN:124,(anonymous_8)
FN:134,(anonymous_9)
FN:141,(anonymous_10)
FN:148,(anonymous_11)
FNF:12
FNH:0
FNDA:0,(anonymous_0)
FNDA:0,(anonymous_1)
FNDA:0,(anonymous_2)
FNDA:0,(anonymous_3)
FNDA:0,(anonymous_4)
FNDA:0,(anonymous_5)
FNDA:0,(anonymous_6)
FNDA:0,(anonymous_7)
FNDA:0,(anonymous_8)
FNDA:0,(anonymous_9)
FNDA:0,(anonymous_10)
FNDA:0,(anonymous_11)
DA:14,0
DA:15,0
DA:16,0
DA:17,0
DA:18,0
DA:21,0
DA:24,0
DA:27,0
DA:28,0
DA:33,0
DA:34,0
DA:35,0
DA:36,0
DA:37,0
DA:43,0
DA:45,0
DA:48,0
DA:49,0
DA:52,0
DA:53,0
DA:54,0
DA:56,0
DA:58,0
DA:59,0
DA:61,0
DA:62,0
DA:66,0
DA:68,0
DA:69,0
DA:71,0
DA:80,0
DA:82,0
DA:83,0
DA:84,0
DA:86,0
DA:91,0
DA:93,0
DA:94,0
DA:95,0
DA:97,0
DA:107,0
DA:108,0
DA:110,0
DA:111,0
DA:115,0
DA:116,0
DA:120,0
DA:121,0
DA:124,0
DA:125,0
DA:126,0
DA:134,0
DA:135,0
DA:141,0
DA:142,0
DA:148,0
DA:149,0
DA:152,0
LF:58
LH:0
BRDA:48,0,0,0
BRDA:48,0,1,0
BRDA:61,1,0,0
BRDA:61,1,1,0
BRDA:108,2,0,0
BRDA:108,2,1,0
BRDA:115,3,0,0
BRDA:115,3,1,0
BRDA:125,4,0,0
BRDA:125,4,1,0
BRF:10
BRH:0
end_of_record
TN:
SF:src\hooks\useSupabaseRealtime.ts
FN:16,(anonymous_0)
FN:32,(anonymous_1)
FN:42,(anonymous_2)
FN:52,(anonymous_3)
FN:61,(anonymous_4)
FN:73,(anonymous_5)
FN:76,(anonymous_6)
FN:116,(anonymous_7)
FN:144,(anonymous_8)
FN:156,(anonymous_9)
FNF:10
FNH:0
FNDA:0,(anonymous_0)
FNDA:0,(anonymous_1)
FNDA:0,(anonymous_2)
FNDA:0,(anonymous_3)
FNDA:0,(anonymous_4)
FNDA:0,(anonymous_5)
FNDA:0,(anonymous_6)
FNDA:0,(anonymous_7)
FNDA:0,(anonymous_8)
FNDA:0,(anonymous_9)
DA:16,0
DA:17,0
DA:18,0
DA:23,0
DA:24,0
DA:25,0
DA:32,0
DA:33,0
DA:34,0
DA:35,0
DA:41,0
DA:43,0
DA:44,0
DA:52,0
DA:53,0
DA:54,0
DA:60,0
DA:62,0
DA:63,0
DA:65,0
DA:73,0
DA:74,0
DA:76,0
DA:77,0
DA:78,0
DA:81,0
DA:84,0
DA:86,0
DA:87,0
DA:88,0
DA:91,0
DA:92,0
DA:93,0
DA:98,0
DA:102,0
DA:105,0
DA:108,0
DA:113,0
DA:116,0
DA:117,0
DA:119,0
DA:122,0
DA:123,0
DA:124,0
DA:125,0
DA:128,0
DA:129,0
DA:131,0
DA:144,0
DA:145,0
DA:146,0
DA:148,0
DA:149,0
DA:156,0
DA:157,0
DA:158,0
DA:160,0
DA:161,0
DA:165,0
LF:59
LH:0
BRDA:86,0,0,0
BRDA:86,0,1,0
BRDA:92,1,0,0
BRDA:92,1,1,0
BRF:4
BRH:0
end_of_record
TN:
SF:src\hooks\useTheme.ts
FN:17,(anonymous_0)
FN:18,(anonymous_1)
FN:27,(anonymous_2)
FN:28,(anonymous_3)
FN:36,(anonymous_4)
FN:37,(anonymous_5)
FNF:6
FNH:2
FNDA:31,(anonymous_0)
FNDA:62,(anonymous_1)
FNDA:0,(anonymous_2)
FNDA:0,(anonymous_3)
FNDA:0,(anonymous_4)
FNDA:0,(anonymous_5)
DA:17,3
DA:18,62
DA:19,31
DA:27,3
DA:28,0
DA:36,3
DA:37,0
DA:38,0
LF:8
LH:5
BRF:0
BRH:0
end_of_record
TN:
SF:src\hooks\useThemeToggle.ts
FN:54,(anonymous_0)
FN:56,(anonymous_1)
FN:61,(anonymous_2)
FN:68,(anonymous_3)
FN:91,(anonymous_4)
FN:103,(anonymous_5)
FN:119,(anonymous_6)
FN:137,(anonymous_7)
FN:138,(anonymous_8)
FN:145,(anonymous_9)
FN:146,(anonymous_10)
FNF:11
FNH:7
FNDA:104,(anonymous_0)
FNDA:174,(anonymous_1)
FNDA:39,(anonymous_2)
FNDA:39,(anonymous_3)
FNDA:6,(anonymous_4)
FNDA:20,(anonymous_5)
FNDA:9,(anonymous_6)
FNDA:0,(anonymous_7)
FNDA:0,(anonymous_8)
FNDA:0,(anonymous_9)
FNDA:0,(anonymous_10)
DA:13,6
DA:54,6
DA:55,104
DA:56,174
DA:57,104
DA:58,104
DA:61,104
DA:62,39
DA:68,104
DA:69,39
DA:70,39
DA:71,36
DA:73,7
DA:74,5
DA:77,7
DA:78,5
DA:82,7
DA:84,39
DA:91,104
DA:92,6
DA:93,6
DA:95,1
DA:102,104
DA:105,20
DA:107,20
DA:108,20
DA:111,6
DA:119,104
DA:120,9
DA:121,9
DA:124,104
DA:137,6
DA:138,0
DA:139,0
DA:145,6
DA:146,0
DA:147,0
LF:37
LH:33
BRDA:71,0,0,7
BRDA:71,0,1,29
BRDA:71,1,0,36
BRDA:71,1,1,7
BRDA:71,1,2,1
BRDA:73,2,0,5
BRDA:73,2,1,2
BRDA:77,3,0,5
BRDA:77,3,1,2
BRDA:77,4,0,7
BRDA:77,4,1,7
BRDA:107,5,0,20
BRDA:107,5,1,0
BRDA:120,6,0,6
BRDA:120,6,1,3
BRDA:129,7,0,104
BRDA:129,7,1,65
BRF:17
BRH:16
end_of_record
TN:
SF:src\hooks\useUserStatus.ts
FN:20,(anonymous_0)
FN:22,(anonymous_1)
FN:23,(anonymous_2)
FN:31,(anonymous_3)
FN:62,(anonymous_4)
FN:88,(anonymous_5)
FN:168,(anonymous_6)
FN:177,(anonymous_7)
FN:178,(anonymous_8)
FN:182,(anonymous_9)
FN:188,(anonymous_10)
FNF:11
FNH:0
FNDA:0,(anonymous_0)
FNDA:0,(anonymous_1)
FNDA:0,(anonymous_2)
FNDA:0,(anonymous_3)
FNDA:0,(anonymous_4)
FNDA:0,(anonymous_5)
FNDA:0,(anonymous_6)
FNDA:0,(anonymous_7)
FNDA:0,(anonymous_8)
FNDA:0,(anonymous_9)
FNDA:0,(anonymous_10)
DA:20,0
DA:21,0
DA:22,0
DA:23,0
DA:24,0
DA:25,0
DA:31,0
DA:32,0
DA:35,0
DA:39,0
DA:40,0
DA:43,0
DA:44,0
DA:47,0
DA:48,0
DA:51,0
DA:55,0
DA:62,0
DA:63,0
DA:64,0
DA:66,0
DA:67,0
DA:73,0
DA:75,0
DA:78,0
DA:87,0
DA:90,0
DA:91,0
DA:93,0
DA:96,0
DA:97,0
DA:100,0
DA:101,0
DA:102,0
DA:106,0
DA:108,0
DA:110,0
DA:112,0
DA:114,0
DA:123,0
DA:130,0
DA:134,0
DA:140,0
DA:143,0
DA:148,0
DA:149,0
DA:151,0
DA:152,0
DA:157,0
DA:159,0
DA:168,0
DA:169,0
DA:170,0
DA:177,0
DA:178,0
DA:179,0
DA:182,0
DA:188,0
DA:189,0
DA:192,0
DA:195,0
DA:199,0
DA:202,0
LF:63
LH:0
BRDA:39,0,0,0
BRDA:39,0,1,0
BRDA:64,1,0,0
BRDA:64,1,1,0
BRDA:67,2,0,0
BRDA:67,2,1,0
BRDA:73,3,0,0
BRDA:73,3,1,0
BRDA:91,4,0,0
BRDA:91,4,1,0
BRDA:96,5,0,0
BRDA:96,5,1,0
BRDA:112,6,0,0
BRDA:112,6,1,0
BRDA:154,7,0,0
BRDA:154,7,1,0
BRF:16
BRH:0
end_of_record
TN:
SF:src\hooks\useWorkdayCountdown.ts
FN:38,(anonymous_0)
FN:56,(anonymous_1)
FN:75,(anonymous_2)
FN:85,(anonymous_3)
FN:95,(anonymous_4)
FN:98,(anonymous_5)
FN:125,(anonymous_6)
FN:127,(anonymous_7)
FN:160,(anonymous_8)
FNF:9
FNH:6
FNDA:31,(anonymous_0)
FNDA:31,(anonymous_1)
FNDA:31,(anonymous_2)
FNDA:31,(anonymous_3)
FNDA:31,(anonymous_4)
FNDA:31,(anonymous_5)
FNDA:0,(anonymous_6)
FNDA:0,(anonymous_7)
FNDA:0,(anonymous_8)
DA:38,2
DA:39,31
DA:40,31
DA:43,31
DA:46,31
DA:47,31
DA:50,31
DA:56,2
DA:57,31
DA:58,0
DA:61,31
DA:62,0
DA:65,31
DA:66,31
DA:69,0
DA:75,2
DA:76,31
DA:77,31
DA:78,31
DA:79,31
DA:85,2
DA:86,31
DA:87,31
DA:88,31
DA:89,31
DA:95,2
DA:98,31
DA:99,31
DA:100,31
DA:101,31
DA:102,31
DA:103,31
DA:108,31
DA:109,31
DA:113,31
DA:125,31
DA:127,0
DA:128,0
DA:129,0
DA:130,0
DA:131,0
DA:132,0
DA:137,0
DA:138,0
DA:142,0
DA:155,0
DA:158,0
DA:160,0
DA:163,31
LF:49
LH:34
BRDA:46,0,0,31
BRDA:46,0,1,0
BRDA:57,1,0,0
BRDA:57,1,1,31
BRDA:57,2,0,31
BRDA:57,2,1,0
BRDA:61,3,0,0
BRDA:61,3,1,31
BRDA:65,4,0,31
BRDA:65,4,1,0
BRDA:76,5,0,0
BRDA:76,5,1,31
BRDA:77,6,0,0
BRDA:77,6,1,31
BRDA:78,7,0,0
BRDA:78,7,1,31
BRDA:86,8,0,0
BRDA:86,8,1,31
BRDA:87,9,0,0
BRDA:87,9,1,31
BRDA:88,10,0,0
BRDA:88,10,1,31
BRDA:89,11,0,27
BRDA:89,11,1,4
BRDA:96,12,0,0
BRDA:121,13,0,31
BRDA:121,13,1,0
BRDA:150,14,0,0
BRDA:150,14,1,0
BRF:29
BRH:14
end_of_record
TN:
SF:src\screens\CompleteProfileScreen.gluestack.tsx
FNF:0
FNH:0
LF:0
LH:0
BRF:0
BRH:0
end_of_record
TN:
SF:src\screens\CompleteProfileScreen.tsx
FN:39,(anonymous_0)
FN:44,(anonymous_1)
FN:105,(anonymous_2)
FN:114,(anonymous_3)
FN:118,(anonymous_4)
FN:126,(anonymous_5)
FN:130,(anonymous_6)
FN:138,(anonymous_7)
FN:142,(anonymous_8)
FN:150,(anonymous_9)
FN:225,(anonymous_10)
FN:231,(anonymous_11)
FN:239,(anonymous_12)
FN:274,(anonymous_13)
FN:322,(anonymous_14)
FN:332,(anonymous_15)
FN:343,(anonymous_16)
FN:352,(anonymous_17)
FN:358,(anonymous_18)
FN:444,(anonymous_19)
FN:452,(anonymous_20)
FN:592,(anonymous_21)
FN:611,(anonymous_22)
FN:654,(anonymous_23)
FN:687,(anonymous_24)
FN:720,(anonymous_25)
FN:754,(anonymous_26)
FN:771,(anonymous_27)
FN:824,(anonymous_28)
FN:829,(anonymous_29)
FN:840,(anonymous_30)
FN:845,(anonymous_31)
FN:856,(anonymous_32)
FN:861,(anonymous_33)
FN:869,(anonymous_34)
FN:870,(anonymous_35)
FN:892,(anonymous_36)
FN:902,(anonymous_37)
FN:905,(anonymous_38)
FN:955,(anonymous_39)
FN:956,(anonymous_40)
FN:978,(anonymous_41)
FN:988,(anonymous_42)
FN:991,(anonymous_43)
FNF:44
FNH:11
FNDA:46,(anonymous_0)
FNDA:57,(anonymous_1)
FNDA:12,(anonymous_2)
FNDA:14,(anonymous_3)
FNDA:0,(anonymous_4)
FNDA:14,(anonymous_5)
FNDA:0,(anonymous_6)
FNDA:14,(anonymous_7)
FNDA:0,(anonymous_8)
FNDA:12,(anonymous_9)
FNDA:12,(anonymous_10)
FNDA:0,(anonymous_11)
FNDA:9,(anonymous_12)
FNDA:0,(anonymous_13)
FNDA:0,(anonymous_14)
FNDA:0,(anonymous_15)
FNDA:0,(anonymous_16)
FNDA:0,(anonymous_17)
FNDA:1,(anonymous_18)
FNDA:0,(anonymous_19)
FNDA:0,(anonymous_20)
FNDA:0,(anonymous_21)
FNDA:0,(anonymous_22)
FNDA:0,(anonymous_23)
FNDA:0,(anonymous_24)
FNDA:0,(anonymous_25)
FNDA:0,(anonymous_26)
FNDA:0,(anonymous_27)
FNDA:0,(anonymous_28)
FNDA:0,(anonymous_29)
FNDA:0,(anonymous_30)
FNDA:0,(anonymous_31)
FNDA:0,(anonymous_32)
FNDA:0,(anonymous_33)
FNDA:0,(anonymous_34)
FNDA:0,(anonymous_35)
FNDA:0,(anonymous_36)
FNDA:231,(anonymous_37)
FNDA:0,(anonymous_38)
FNDA:0,(anonymous_39)
FNDA:0,(anonymous_40)
FNDA:0,(anonymous_41)
FNDA:0,(anonymous_42)
FNDA:0,(anonymous_43)
DA:39,3
DA:40,46
DA:41,46
DA:42,46
DA:43,46
DA:44,57
DA:47,45
DA:48,45
DA:51,45
DA:54,45
DA:57,45
DA:60,45
DA:61,45
DA:64,45
DA:67,45
DA:70,45
DA:73,45
DA:78,45
DA:79,45
DA:80,45
DA:81,45
DA:82,45
DA:85,45
DA:86,45
DA:87,45
DA:88,45
DA:89,45
DA:90,45
DA:91,45
DA:92,45
DA:93,45
DA:96,45
DA:97,45
DA:100,45
DA:101,45
DA:102,45
DA:105,45
DA:106,12
DA:107,12
DA:108,12
DA:109,9
DA:114,45
DA:115,14
DA:117,0
DA:118,0
DA:120,0
DA:121,0
DA:126,45
DA:127,14
DA:129,0
DA:130,0
DA:132,0
DA:133,0
DA:138,45
DA:139,14
DA:141,0
DA:142,0
DA:144,0
DA:145,0
DA:150,45
DA:151,12
DA:152,12
DA:153,12
DA:159,11
DA:160,11
DA:161,11
DA:163,1
DA:165,1
DA:183,1
DA:201,1
DA:220,12
DA:225,45
DA:226,12
DA:227,12
DA:231,45
DA:232,0
DA:233,0
DA:234,0
DA:235,0
DA:239,45
DA:240,9
DA:241,9
DA:242,9
DA:244,8
DA:245,8
DA:246,8
DA:249,0
DA:252,0
DA:255,0
DA:257,0
DA:262,1
DA:263,1
DA:269,9
DA:274,45
DA:275,0
DA:277,0
DA:279,0
DA:280,0
DA:281,0
DA:285,0
DA:292,0
DA:293,0
DA:296,0
DA:299,0
DA:311,0
DA:312,0
DA:314,0
DA:315,0
DA:317,0
DA:322,45
DA:323,0
DA:325,0
DA:326,0
DA:327,0
DA:328,0
DA:332,45
DA:333,0
DA:335,0
DA:336,0
DA:337,0
DA:338,0
DA:343,45
DA:344,0
DA:345,0
DA:346,0
DA:347,0
DA:348,0
DA:352,45
DA:353,0
DA:354,0
DA:358,45
DA:360,1
DA:361,1
DA:362,1
DA:365,0
DA:366,0
DA:367,0
DA:370,0
DA:371,0
DA:372,0
DA:375,0
DA:376,0
DA:377,0
DA:380,0
DA:381,0
DA:382,0
DA:385,0
DA:389,0
DA:390,0
DA:393,0
DA:394,0
DA:395,0
DA:398,0
DA:399,0
DA:401,0
DA:415,0
DA:417,0
DA:418,0
DA:421,0
DA:424,0
DA:425,0
DA:439,0
DA:441,0
DA:444,0
DA:449,0
DA:453,0
DA:462,0
DA:463,0
DA:469,0
DA:473,45
DA:592,0
DA:612,0
DA:613,0
DA:614,0
DA:616,0
DA:654,0
DA:687,0
DA:720,0
DA:754,0
DA:771,0
DA:825,0
DA:826,0
DA:827,0
DA:829,0
DA:841,0
DA:842,0
DA:843,0
DA:845,0
DA:857,0
DA:858,0
DA:859,0
DA:861,0
DA:869,0
DA:870,0
DA:892,0
DA:903,231
DA:906,0
DA:907,0
DA:955,0
DA:956,0
DA:978,0
DA:989,0
DA:992,0
DA:993,0
LF:204
LH:84
BRDA:47,0,0,45
BRDA:47,0,1,33
BRDA:48,1,0,12
BRDA:48,1,1,33
BRDA:52,2,0,12
BRDA:52,2,1,33
BRDA:52,3,0,12
BRDA:52,3,1,12
BRDA:52,4,0,33
BRDA:52,4,1,33
BRDA:55,5,0,12
BRDA:55,5,1,33
BRDA:55,6,0,12
BRDA:55,6,1,12
BRDA:55,7,0,33
BRDA:55,7,1,33
BRDA:58,8,0,12
BRDA:58,8,1,33
BRDA:58,9,0,12
BRDA:58,9,1,12
BRDA:60,10,0,12
BRDA:60,10,1,33
BRDA:60,11,0,12
BRDA:60,11,1,12
BRDA:62,12,0,12
BRDA:62,12,1,33
BRDA:62,13,0,12
BRDA:62,13,1,12
BRDA:65,14,0,12
BRDA:65,14,1,33
BRDA:65,15,0,12
BRDA:65,15,1,12
BRDA:68,16,0,12
BRDA:68,16,1,33
BRDA:68,17,0,12
BRDA:68,17,1,12
BRDA:71,18,0,12
BRDA:71,18,1,33
BRDA:71,19,0,12
BRDA:71,19,1,12
BRDA:74,20,0,12
BRDA:74,20,1,33
BRDA:74,21,0,12
BRDA:74,21,1,12
BRDA:108,22,0,9
BRDA:108,22,1,3
BRDA:115,23,0,0
BRDA:115,23,1,14
BRDA:115,24,0,14
BRDA:115,24,1,3
BRDA:115,24,2,0
BRDA:120,25,0,0
BRDA:120,25,1,0
BRDA:127,26,0,0
BRDA:127,26,1,14
BRDA:127,27,0,14
BRDA:127,27,1,3
BRDA:127,27,2,0
BRDA:132,28,0,0
BRDA:132,28,1,0
BRDA:139,29,0,0
BRDA:139,29,1,14
BRDA:139,30,0,14
BRDA:139,30,1,3
BRDA:139,30,2,0
BRDA:144,31,0,0
BRDA:144,31,1,0
BRDA:244,32,0,8
BRDA:244,32,1,0
BRDA:265,33,0,1
BRDA:265,33,1,0
BRDA:279,34,0,0
BRDA:279,34,1,0
BRDA:292,35,0,0
BRDA:292,35,1,0
BRDA:315,36,0,0
BRDA:315,36,1,0
BRDA:325,37,0,0
BRDA:325,37,1,0
BRDA:335,38,0,0
BRDA:335,38,1,0
BRDA:346,39,0,0
BRDA:346,39,1,0
BRDA:347,40,0,0
BRDA:347,40,1,0
BRDA:360,41,0,1
BRDA:360,41,1,0
BRDA:365,42,0,0
BRDA:365,42,1,0
BRDA:365,43,0,0
BRDA:365,43,1,0
BRDA:370,44,0,0
BRDA:370,44,1,0
BRDA:375,45,0,0
BRDA:375,45,1,0
BRDA:380,46,0,0
BRDA:380,46,1,0
BRDA:385,47,0,0
BRDA:385,47,1,0
BRDA:386,48,0,0
BRDA:386,48,1,0
BRDA:393,49,0,0
BRDA:393,49,1,0
BRDA:402,50,0,0
BRDA:402,50,1,0
BRDA:417,51,0,0
BRDA:417,51,1,0
BRDA:418,52,0,0
BRDA:418,52,1,0
BRDA:439,53,0,0
BRDA:439,53,1,0
BRDA:455,54,0,0
BRDA:455,54,1,0
BRDA:464,55,0,0
BRDA:464,55,1,0
BRDA:465,56,0,0
BRDA:465,56,1,0
BRDA:466,57,0,0
BRDA:466,57,1,0
BRDA:483,58,0,12
BRDA:483,58,1,33
BRDA:489,59,0,12
BRDA:489,59,1,33
BRDA:499,60,0,0
BRDA:499,60,1,45
BRDA:518,61,0,0
BRDA:518,61,1,45
BRDA:595,62,0,0
BRDA:595,62,1,45
BRDA:597,63,0,0
BRDA:597,63,1,45
BRDA:599,64,0,45
BRDA:599,64,1,45
BRDA:612,65,0,0
BRDA:612,65,1,0
BRDA:620,66,0,0
BRDA:620,66,1,45
BRDA:621,67,0,0
BRDA:621,67,1,45
BRDA:622,68,0,45
BRDA:622,68,1,45
BRDA:632,69,0,9
BRDA:632,69,1,36
BRDA:657,70,0,0
BRDA:657,70,1,45
BRDA:660,71,0,0
BRDA:660,71,1,45
BRDA:663,72,0,0
BRDA:663,72,1,45
BRDA:690,73,0,0
BRDA:690,73,1,45
BRDA:693,74,0,0
BRDA:693,74,1,45
BRDA:696,75,0,0
BRDA:696,75,1,45
BRDA:723,76,0,0
BRDA:723,76,1,45
BRDA:726,77,0,0
BRDA:726,77,1,45
BRDA:729,78,0,0
BRDA:729,78,1,45
BRDA:778,79,0,45
BRDA:778,79,1,0
BRDA:783,80,0,0
BRDA:783,80,1,0
BRDA:788,81,0,45
BRDA:788,81,1,0
BRDA:793,82,0,0
BRDA:793,82,1,0
BRDA:805,83,0,0
BRDA:805,83,1,45
BRDA:806,84,0,0
BRDA:806,84,1,45
BRDA:810,85,0,12
BRDA:810,85,1,33
BRDA:915,86,0,0
BRDA:915,86,1,231
BRDA:920,87,0,0
BRDA:920,87,1,231
BRDA:927,88,0,0
BRDA:927,88,1,231
BRDA:931,89,0,0
BRDA:931,89,1,231
BRDA:934,90,0,0
BRDA:934,90,1,231
BRDA:937,91,0,231
BRDA:937,91,1,0
BRDA:1001,92,0,0
BRDA:1001,92,1,0
BRDA:1005,93,0,0
BRDA:1005,93,1,0
BRDA:1010,94,0,0
BRDA:1010,94,1,0
BRDA:1013,95,0,0
BRDA:1013,95,1,0
BRDA:1016,96,0,0
BRDA:1016,96,1,0
BRDA:1019,97,0,0
BRDA:1019,97,1,0
BRF:199
BRH:95
end_of_record
TN:
SF:src\screens\DataManagementScreen.tsx
FN:31,(anonymous_0)
FN:44,(anonymous_1)
FN:59,(anonymous_2)
FN:64,(anonymous_3)
FN:69,(anonymous_4)
FN:77,(anonymous_5)
FN:89,(anonymous_6)
FN:96,(anonymous_7)
FN:129,(anonymous_8)
FN:135,(anonymous_9)
FN:154,(anonymous_10)
FN:173,(anonymous_11)
FN:179,(anonymous_12)
FN:213,(anonymous_13)
FN:220,(anonymous_14)
FN:227,(anonymous_15)
FN:248,(anonymous_16)
FN:267,(anonymous_17)
FNF:18
FNH:4
FNDA:3,(anonymous_0)
FNDA:1,(anonymous_1)
FNDA:1,(anonymous_2)
FNDA:1,(anonymous_3)
FNDA:0,(anonymous_4)
FNDA:0,(anonymous_5)
FNDA:0,(anonymous_6)
FNDA:0,(anonymous_7)
FNDA:0,(anonymous_8)
FNDA:0,(anonymous_9)
FNDA:0,(anonymous_10)
FNDA:0,(anonymous_11)
FNDA:0,(anonymous_12)
FNDA:0,(anonymous_13)
FNDA:0,(anonymous_14)
FNDA:0,(anonymous_15)
FNDA:0,(anonymous_16)
FNDA:0,(anonymous_17)
DA:31,1
DA:34,3
DA:35,3
DA:36,3
DA:37,3
DA:38,3
DA:39,3
DA:40,3
DA:41,3
DA:44,3
DA:45,1
DA:46,1
DA:47,1
DA:48,0
DA:49,0
DA:51,1
DA:52,1
DA:54,1
DA:59,3
DA:60,1
DA:64,3
DA:65,1
DA:66,1
DA:68,0
DA:69,0
DA:70,0
DA:72,0
DA:77,3
DA:78,0
DA:79,0
DA:80,0
DA:82,0
DA:83,0
DA:85,0
DA:89,3
DA:90,0
DA:91,0
DA:92,0
DA:96,3
DA:97,0
DA:98,0
DA:99,0
DA:102,0
DA:103,0
DA:104,0
DA:106,0
DA:107,0
DA:110,0
DA:115,0
DA:117,0
DA:119,0
DA:121,0
DA:122,0
DA:124,0
DA:129,3
DA:130,0
DA:136,0
DA:137,0
DA:138,0
DA:139,0
DA:141,0
DA:143,0
DA:144,0
DA:146,0
DA:154,3
DA:155,0
DA:173,0
DA:179,0
DA:187,3
DA:213,0
DA:220,0
DA:227,0
DA:248,0
DA:267,0
LF:74
LH:27
BRDA:65,0,0,1
BRDA:65,0,1,0
BRDA:78,1,0,0
BRDA:78,1,1,0
BRDA:97,2,0,0
BRDA:97,2,1,0
BRDA:104,3,0,0
BRDA:104,3,1,0
BRDA:210,4,0,3
BRDA:210,4,1,0
BRDA:217,5,0,0
BRDA:217,5,1,3
BRDA:224,6,0,0
BRDA:224,6,1,3
BRDA:254,7,0,1
BRDA:254,7,1,2
BRDA:260,8,0,2
BRDA:260,8,1,0
BRDA:278,9,0,0
BRDA:278,9,1,3
BRDA:279,10,0,3
BRDA:279,10,1,0
BRDA:281,11,0,0
BRDA:281,11,1,0
BRF:24
BRH:9
end_of_record
TN:
SF:src\screens\LoginScreen.tsx
FN:26,(anonymous_0)
FN:46,(anonymous_1)
FN:48,(anonymous_2)
FN:49,(anonymous_3)
FN:54,(anonymous_4)
FN:55,(anonymous_5)
FN:63,(anonymous_6)
FN:65,(anonymous_7)
FN:69,(anonymous_8)
FN:77,(anonymous_9)
FN:100,(anonymous_10)
FN:106,(anonymous_11)
FN:111,(anonymous_12)
FN:136,(anonymous_13)
FN:147,(anonymous_14)
FN:162,(anonymous_15)
FN:168,(anonymous_16)
FN:184,(anonymous_17)
FN:194,(anonymous_18)
FN:209,(anonymous_19)
FN:216,(anonymous_20)
FN:222,(anonymous_21)
FN:267,(anonymous_22)
FN:274,(anonymous_23)
FN:294,(anonymous_24)
FN:331,(anonymous_25)
FN:376,(anonymous_26)
FNF:27
FNH:20
FNDA:47,(anonymous_0)
FNDA:23,(anonymous_1)
FNDA:0,(anonymous_2)
FNDA:2,(anonymous_3)
FNDA:17,(anonymous_4)
FNDA:17,(anonymous_5)
FNDA:8,(anonymous_6)
FNDA:1,(anonymous_7)
FNDA:1,(anonymous_8)
FNDA:3,(anonymous_9)
FNDA:3,(anonymous_10)
FNDA:1,(anonymous_11)
FNDA:1,(anonymous_12)
FNDA:0,(anonymous_13)
FNDA:0,(anonymous_14)
FNDA:2,(anonymous_15)
FNDA:1,(anonymous_16)
FNDA:0,(anonymous_17)
FNDA:0,(anonymous_18)
FNDA:0,(anonymous_19)
FNDA:0,(anonymous_20)
FNDA:5,(anonymous_21)
FNDA:1,(anonymous_22)
FNDA:4,(anonymous_23)
FNDA:9,(anonymous_24)
FNDA:1,(anonymous_25)
FNDA:1,(anonymous_26)
DA:26,3
DA:27,47
DA:28,47
DA:31,47
DA:34,47
DA:35,47
DA:36,47
DA:39,47
DA:40,47
DA:43,47
DA:46,47
DA:47,23
DA:48,2
DA:49,2
DA:54,47
DA:55,17
DA:56,17
DA:57,17
DA:58,17
DA:63,47
DA:64,8
DA:65,1
DA:66,1
DA:68,7
DA:69,1
DA:70,1
DA:72,6
DA:73,6
DA:77,47
DA:78,3
DA:79,1
DA:82,2
DA:83,2
DA:84,2
DA:86,2
DA:87,2
DA:88,2
DA:90,0
DA:93,0
DA:95,2
DA:100,47
DA:101,3
DA:102,1
DA:105,2
DA:106,1
DA:107,1
DA:110,1
DA:111,1
DA:112,1
DA:115,0
DA:116,0
DA:117,0
DA:119,0
DA:120,0
DA:123,0
DA:124,0
DA:129,0
DA:130,0
DA:137,0
DA:144,0
DA:147,0
DA:152,0
DA:155,0
DA:157,0
DA:162,47
DA:163,2
DA:164,0
DA:167,2
DA:168,1
DA:169,1
DA:172,1
DA:173,1
DA:174,1
DA:176,0
DA:177,0
DA:180,0
DA:181,0
DA:185,0
DA:191,0
DA:194,0
DA:199,0
DA:202,1
DA:204,1
DA:209,47
DA:210,0
DA:216,47
DA:217,0
DA:218,0
DA:222,47
DA:223,5
DA:224,3
DA:226,2
DA:230,47
DA:267,1
DA:274,4
DA:295,9
DA:296,9
DA:332,1
DA:333,1
DA:377,1
DA:378,1
LF:101
LH:72
BRDA:47,0,0,2
BRDA:47,0,1,21
BRDA:64,1,0,1
BRDA:64,1,1,7
BRDA:68,2,0,1
BRDA:68,2,1,6
BRDA:78,3,0,1
BRDA:78,3,1,2
BRDA:86,4,0,2
BRDA:86,4,1,0
BRDA:90,5,0,0
BRDA:90,5,1,0
BRDA:93,6,0,0
BRDA:93,6,1,0
BRDA:101,7,0,1
BRDA:101,7,1,2
BRDA:105,8,0,1
BRDA:105,8,1,1
BRDA:110,9,0,1
BRDA:110,9,1,0
BRDA:119,10,0,0
BRDA:119,10,1,0
BRDA:119,11,0,0
BRDA:119,11,1,0
BRDA:123,12,0,0
BRDA:123,12,1,0
BRDA:124,13,0,0
BRDA:124,13,1,0
BRDA:129,14,0,0
BRDA:129,14,1,0
BRDA:131,15,0,0
BRDA:131,15,1,0
BRDA:152,16,0,0
BRDA:152,16,1,0
BRDA:155,17,0,0
BRDA:155,17,1,0
BRDA:163,18,0,0
BRDA:163,18,1,2
BRDA:167,19,0,1
BRDA:167,19,1,1
BRDA:176,20,0,0
BRDA:176,20,1,0
BRDA:176,21,0,0
BRDA:176,21,1,0
BRDA:180,22,0,0
BRDA:180,22,1,0
BRDA:199,23,0,0
BRDA:199,23,1,0
BRDA:202,24,0,1
BRDA:202,24,1,0
BRDA:217,25,0,0
BRDA:217,25,1,0
BRDA:223,26,0,3
BRDA:223,26,1,2
BRDA:233,27,0,47
BRDA:233,27,1,0
BRDA:265,28,0,38
BRDA:265,28,1,9
BRDA:266,29,0,38
BRDA:266,29,1,9
BRDA:272,30,0,9
BRDA:272,30,1,38
BRDA:273,31,0,9
BRDA:273,31,1,38
BRDA:300,32,0,47
BRDA:300,32,1,2
BRDA:310,33,0,47
BRDA:310,33,1,38
BRDA:342,34,0,38
BRDA:342,34,1,36
BRDA:345,35,0,2
BRDA:345,35,1,36
BRDA:349,36,0,38
BRDA:349,36,1,2
BRDA:358,37,0,47
BRDA:358,37,1,9
BRDA:382,38,0,9
BRDA:382,38,1,1
BRDA:409,39,0,47
BRDA:409,39,1,2
BRDA:410,40,0,2
BRDA:410,40,1,45
BRF:82
BRH:47
end_of_record
TN:
SF:src\screens\PasswordRecoveryScreen.tsx
FN:19,(anonymous_0)
FN:36,(anonymous_1)
FN:38,(anonymous_2)
FN:39,(anonymous_3)
FN:44,(anonymous_4)
FN:79,(anonymous_5)
FN:112,(anonymous_6)
FN:146,(anonymous_7)
FN:161,(anonymous_8)
FN:184,(anonymous_9)
FN:226,(anonymous_10)
FN:233,(anonymous_11)
FN:285,(anonymous_12)
FN:292,(anonymous_13)
FNF:14
FNH:3
FNDA:1,(anonymous_0)
FNDA:1,(anonymous_1)
FNDA:0,(anonymous_2)
FNDA:0,(anonymous_3)
FNDA:0,(anonymous_4)
FNDA:0,(anonymous_5)
FNDA:0,(anonymous_6)
FNDA:0,(anonymous_7)
FNDA:0,(anonymous_8)
FNDA:1,(anonymous_9)
FNDA:0,(anonymous_10)
FNDA:0,(anonymous_11)
FNDA:0,(anonymous_12)
FNDA:0,(anonymous_13)
DA:19,1
DA:20,1
DA:23,1
DA:26,1
DA:27,1
DA:28,1
DA:29,1
DA:32,1
DA:33,1
DA:36,1
DA:37,1
DA:38,0
DA:39,0
DA:44,1
DA:45,0
DA:46,0
DA:47,0
DA:51,0
DA:52,0
DA:53,0
DA:56,0
DA:57,0
DA:58,0
DA:63,0
DA:64,0
DA:65,0
DA:66,0
DA:68,0
DA:71,0
DA:72,0
DA:74,0
DA:79,1
DA:80,0
DA:81,0
DA:82,0
DA:85,0
DA:86,0
DA:87,0
DA:90,0
DA:91,0
DA:92,0
DA:98,0
DA:99,0
DA:101,0
DA:104,0
DA:105,0
DA:107,0
DA:112,1
DA:113,0
DA:114,0
DA:115,0
DA:118,0
DA:119,0
DA:120,0
DA:124,0
DA:125,0
DA:126,0
DA:129,0
DA:130,0
DA:131,0
DA:134,0
DA:135,0
DA:136,0
DA:142,0
DA:143,0
DA:146,0
DA:150,0
DA:153,0
DA:154,0
DA:156,0
DA:161,1
DA:162,0
DA:163,0
DA:164,0
DA:169,0
DA:170,0
DA:171,0
DA:173,0
DA:176,0
DA:177,0
DA:179,0
DA:184,1
DA:185,1
DA:226,0
DA:233,1
DA:234,0
DA:285,0
DA:292,1
DA:293,0
DA:356,1
LF:90
LH:20
BRDA:37,0,0,0
BRDA:37,0,1,1
BRDA:45,1,0,0
BRDA:45,1,1,0
BRDA:51,2,0,0
BRDA:51,2,1,0
BRDA:63,3,0,0
BRDA:63,3,1,0
BRDA:68,4,0,0
BRDA:68,4,1,0
BRDA:72,5,0,0
BRDA:72,5,1,0
BRDA:80,6,0,0
BRDA:80,6,1,0
BRDA:85,7,0,0
BRDA:85,7,1,0
BRDA:98,8,0,0
BRDA:98,8,1,0
BRDA:105,9,0,0
BRDA:105,9,1,0
BRDA:113,10,0,0
BRDA:113,10,1,0
BRDA:113,11,0,0
BRDA:113,11,1,0
BRDA:118,12,0,0
BRDA:118,12,1,0
BRDA:124,13,0,0
BRDA:124,13,1,0
BRDA:129,14,0,0
BRDA:129,14,1,0
BRDA:129,15,0,0
BRDA:129,15,1,0
BRDA:142,16,0,0
BRDA:142,16,1,0
BRDA:150,17,0,0
BRDA:150,17,1,0
BRDA:154,18,0,0
BRDA:154,18,1,0
BRDA:169,19,0,0
BRDA:169,19,1,0
BRDA:173,20,0,0
BRDA:173,20,1,0
BRDA:177,21,0,0
BRDA:177,21,1,0
BRDA:216,22,0,0
BRDA:216,22,1,1
BRDA:266,23,0,0
BRDA:266,23,1,0
BRDA:270,24,0,0
BRDA:270,24,1,0
BRDA:351,25,0,0
BRDA:351,25,1,0
BRDA:359,26,0,1
BRDA:359,26,1,1
BRDA:360,27,0,1
BRDA:360,27,1,0
BRDA:361,28,0,1
BRDA:361,28,1,0
BRF:58
BRH:6
end_of_record
TN:
SF:src\screens\PhoneRegisterScreen.tsx
FN:25,(anonymous_0)
FN:41,(anonymous_1)
FN:43,(anonymous_2)
FN:44,(anonymous_3)
FN:49,(anonymous_4)
FN:50,(anonymous_5)
FN:58,(anonymous_6)
FN:60,(anonymous_7)
FN:64,(anonymous_8)
FN:72,(anonymous_9)
FN:95,(anonymous_10)
FN:101,(anonymous_11)
FN:106,(anonymous_12)
FN:123,(anonymous_13)
FN:186,(anonymous_14)
FN:216,(anonymous_15)
FN:264,(anonymous_16)
FNF:17
FNH:15
FNDA:56,(anonymous_0)
FNDA:25,(anonymous_1)
FNDA:0,(anonymous_2)
FNDA:3,(anonymous_3)
FNDA:26,(anonymous_4)
FNDA:26,(anonymous_5)
FNDA:12,(anonymous_6)
FNDA:3,(anonymous_7)
FNDA:1,(anonymous_8)
FNDA:6,(anonymous_9)
FNDA:6,(anonymous_10)
FNDA:2,(anonymous_11)
FNDA:1,(anonymous_12)
FNDA:0,(anonymous_13)
FNDA:13,(anonymous_14)
FNDA:5,(anonymous_15)
FNDA:1,(anonymous_16)
DA:25,3
DA:26,56
DA:27,56
DA:30,56
DA:31,56
DA:34,56
DA:35,56
DA:38,56
DA:41,56
DA:42,25
DA:43,3
DA:44,3
DA:49,56
DA:50,26
DA:51,26
DA:52,26
DA:53,26
DA:58,56
DA:59,12
DA:60,3
DA:61,3
DA:63,9
DA:64,1
DA:65,1
DA:67,8
DA:68,8
DA:72,56
DA:73,6
DA:74,3
DA:77,3
DA:78,3
DA:79,3
DA:81,3
DA:82,3
DA:83,3
DA:85,0
DA:88,3
DA:90,3
DA:95,56
DA:96,6
DA:97,1
DA:100,5
DA:101,2
DA:102,2
DA:105,3
DA:106,1
DA:107,1
DA:110,2
DA:111,2
DA:114,2
DA:116,2
DA:117,2
DA:120,2
DA:124,0
DA:130,0
DA:133,2
DA:135,2
DA:139,56
DA:187,13
DA:188,13
DA:217,5
DA:218,5
DA:264,1
LF:63
LH:60
BRDA:42,0,0,3
BRDA:42,0,1,22
BRDA:59,1,0,3
BRDA:59,1,1,9
BRDA:63,2,0,1
BRDA:63,2,1,8
BRDA:73,3,0,3
BRDA:73,3,1,3
BRDA:81,4,0,3
BRDA:81,4,1,0
BRDA:85,5,0,0
BRDA:85,5,1,0
BRDA:88,6,0,0
BRDA:88,6,1,0
BRDA:96,7,0,1
BRDA:96,7,1,5
BRDA:100,8,0,2
BRDA:100,8,1,3
BRDA:105,9,0,1
BRDA:105,9,1,2
BRDA:116,10,0,2
BRDA:116,10,1,0
BRDA:116,11,0,2
BRDA:116,11,1,2
BRDA:130,12,0,0
BRDA:130,12,1,0
BRDA:133,13,0,0
BRDA:133,13,1,0
BRDA:142,14,0,56
BRDA:142,14,1,0
BRDA:192,15,0,56
BRDA:192,15,1,4
BRDA:228,16,0,56
BRDA:228,16,1,53
BRDA:231,17,0,3
BRDA:231,17,1,53
BRDA:235,18,0,56
BRDA:235,18,1,3
BRDA:250,19,0,56
BRDA:250,19,1,5
BRDA:251,20,0,5
BRDA:251,20,1,51
BRF:42
BRH:31
end_of_record
TN:
SF:src\screens\SetPasswordScreen.tsx
FN:25,(anonymous_0)
FN:37,(anonymous_1)
FN:59,(anonymous_2)
FN:86,(anonymous_3)
FN:98,(anonymous_4)
FN:109,(anonymous_5)
FN:146,(anonymous_6)
FN:195,(anonymous_7)
FNF:8
FNH:3
FNDA:7,(anonymous_0)
FNDA:7,(anonymous_1)
FNDA:1,(anonymous_2)
FNDA:0,(anonymous_3)
FNDA:0,(anonymous_4)
FNDA:0,(anonymous_5)
FNDA:0,(anonymous_6)
FNDA:0,(anonymous_7)
DA:25,2
DA:26,7
DA:27,7
DA:28,7
DA:30,7
DA:31,7
DA:32,7
DA:33,7
DA:34,7
DA:37,7
DA:44,7
DA:45,5
DA:47,2
DA:48,2
DA:50,0
DA:51,0
DA:53,0
DA:56,7
DA:59,7
DA:61,1
DA:62,1
DA:63,1
DA:64,1
DA:68,0
DA:69,0
DA:70,0
DA:73,0
DA:74,0
DA:77,0
DA:79,0
DA:80,0
DA:83,0
DA:86,0
DA:90,0
DA:91,0
DA:93,0
DA:98,7
DA:99,0
DA:109,0
DA:115,7
DA:146,0
DA:195,0
LF:42
LH:22
BRDA:44,0,0,5
BRDA:44,0,1,2
BRDA:47,1,0,2
BRDA:47,1,1,0
BRDA:50,2,0,0
BRDA:50,2,1,0
BRDA:62,3,0,1
BRDA:62,3,1,0
BRDA:68,4,0,0
BRDA:68,4,1,0
BRDA:79,5,0,0
BRDA:79,5,1,0
BRDA:80,6,0,0
BRDA:80,6,1,0
BRDA:91,7,0,0
BRDA:91,7,1,0
BRDA:151,8,0,0
BRDA:151,8,1,7
BRDA:153,9,0,7
BRDA:153,9,1,2
BRDA:200,10,0,0
BRDA:200,10,1,7
BRDA:202,11,0,7
BRDA:202,11,1,1
BRDA:202,11,2,0
BRDA:216,12,0,0
BRDA:216,12,1,7
BRF:27
BRH:11
end_of_record
TN:
SF:src\screens\SettingsScreen.tsx
FN:44,(anonymous_0)
FN:46,(anonymous_1)
FN:99,(anonymous_2)
FN:105,(anonymous_3)
FN:119,(anonymous_4)
FN:122,(anonymous_5)
FN:125,(anonymous_6)
FN:130,(anonymous_7)
FN:147,(anonymous_8)
FN:159,(anonymous_9)
FN:167,(anonymous_10)
FN:202,(anonymous_11)
FN:212,(anonymous_12)
FN:223,(anonymous_13)
FN:232,(anonymous_14)
FN:291,(anonymous_15)
FN:318,(anonymous_16)
FN:349,(anonymous_17)
FN:418,(anonymous_18)
FN:422,(anonymous_19)
FN:428,(anonymous_20)
FN:447,(anonymous_21)
FN:450,(anonymous_22)
FN:456,(anonymous_23)
FN:497,(anonymous_24)
FN:512,(anonymous_25)
FN:555,(anonymous_26)
FN:572,(anonymous_27)
FN:589,(anonymous_28)
FN:608,(anonymous_29)
FN:621,(anonymous_30)
FN:668,(anonymous_31)
FN:672,(anonymous_32)
FN:683,(anonymous_33)
FN:687,(anonymous_34)
FN:698,(anonymous_35)
FN:702,(anonymous_36)
FN:712,(anonymous_37)
FN:721,(anonymous_38)
FN:725,(anonymous_39)
FN:735,(anonymous_40)
FN:744,(anonymous_41)
FN:748,(anonymous_42)
FN:755,(anonymous_43)
FN:758,(anonymous_44)
FN:764,(anonymous_45)
FN:839,(anonymous_46)
FN:849,(anonymous_47)
FN:858,(anonymous_48)
FN:996,(anonymous_49)
FN:1010,(anonymous_50)
FN:1024,(anonymous_51)
FN:1072,(anonymous_52)
FN:1090,(anonymous_53)
FN:1154,(anonymous_54)
FN:1177,(anonymous_55)
FNF:56
FNH:13
FNDA:57,(anonymous_0)
FNDA:85,(anonymous_1)
FNDA:19,(anonymous_2)
FNDA:19,(anonymous_3)
FNDA:19,(anonymous_4)
FNDA:0,(anonymous_5)
FNDA:0,(anonymous_6)
FNDA:19,(anonymous_7)
FNDA:19,(anonymous_8)
FNDA:0,(anonymous_9)
FNDA:0,(anonymous_10)
FNDA:0,(anonymous_11)
FNDA:0,(anonymous_12)
FNDA:0,(anonymous_13)
FNDA:0,(anonymous_14)
FNDA:0,(anonymous_15)
FNDA:0,(anonymous_16)
FNDA:0,(anonymous_17)
FNDA:1,(anonymous_18)
FNDA:1,(anonymous_19)
FNDA:0,(anonymous_20)
FNDA:57,(anonymous_21)
FNDA:0,(anonymous_22)
FNDA:0,(anonymous_23)
FNDA:0,(anonymous_24)
FNDA:0,(anonymous_25)
FNDA:0,(anonymous_26)
FNDA:0,(anonymous_27)
FNDA:0,(anonymous_28)
FNDA:0,(anonymous_29)
FNDA:0,(anonymous_30)
FNDA:0,(anonymous_31)
FNDA:0,(anonymous_32)
FNDA:0,(anonymous_33)
FNDA:0,(anonymous_34)
FNDA:0,(anonymous_35)
FNDA:0,(anonymous_36)
FNDA:0,(anonymous_37)
FNDA:0,(anonymous_38)
FNDA:0,(anonymous_39)
FNDA:0,(anonymous_40)
FNDA:0,(anonymous_41)
FNDA:0,(anonymous_42)
FNDA:57,(anonymous_43)
FNDA:0,(anonymous_44)
FNDA:0,(anonymous_45)
FNDA:57,(anonymous_46)
FNDA:0,(anonymous_47)
FNDA:0,(anonymous_48)
FNDA:1,(anonymous_49)
FNDA:0,(anonymous_50)
FNDA:0,(anonymous_51)
FNDA:0,(anonymous_52)
FNDA:0,(anonymous_53)
FNDA:0,(anonymous_54)
FNDA:0,(anonymous_55)
DA:44,4
DA:45,57
DA:46,85
DA:47,57
DA:48,57
DA:51,57
DA:52,57
DA:53,57
DA:56,57
DA:57,57
DA:58,57
DA:59,57
DA:60,57
DA:61,57
DA:62,57
DA:65,57
DA:68,57
DA:69,57
DA:70,57
DA:71,57
DA:74,57
DA:75,57
DA:76,57
DA:79,57
DA:80,57
DA:81,57
DA:82,57
DA:83,57
DA:86,57
DA:87,57
DA:90,57
DA:91,57
DA:92,57
DA:93,57
DA:94,57
DA:95,57
DA:96,57
DA:99,57
DA:100,19
DA:101,19
DA:105,57
DA:106,19
DA:107,8
DA:108,8
DA:109,8
DA:110,8
DA:111,8
DA:112,8
DA:113,8
DA:114,8
DA:119,57
DA:120,19
DA:121,0
DA:122,0
DA:125,0
DA:130,57
DA:131,19
DA:132,19
DA:138,17
DA:139,17
DA:140,17
DA:142,2
DA:147,57
DA:148,19
DA:149,19
DA:152,19
DA:153,8
DA:154,8
DA:159,57
DA:160,0
DA:161,0
DA:162,0
DA:163,0
DA:167,57
DA:168,0
DA:169,0
DA:170,0
DA:172,0
DA:173,0
DA:174,0
DA:177,0
DA:180,0
DA:183,0
DA:185,0
DA:190,0
DA:191,0
DA:197,0
DA:202,57
DA:203,0
DA:205,0
DA:206,0
DA:207,0
DA:208,0
DA:212,57
DA:213,0
DA:215,0
DA:216,0
DA:217,0
DA:218,0
DA:223,57
DA:224,0
DA:225,0
DA:226,0
DA:227,0
DA:228,0
DA:232,57
DA:233,0
DA:236,0
DA:237,0
DA:238,0
DA:241,0
DA:242,0
DA:243,0
DA:246,0
DA:247,0
DA:248,0
DA:251,0
DA:252,0
DA:254,0
DA:255,0
DA:267,0
DA:280,0
DA:281,0
DA:283,0
DA:284,0
DA:286,0
DA:291,57
DA:292,0
DA:293,0
DA:294,0
DA:298,0
DA:299,0
DA:300,0
DA:303,0
DA:304,0
DA:305,0
DA:306,0
DA:307,0
DA:308,0
DA:310,0
DA:311,0
DA:313,0
DA:318,57
DA:319,0
DA:320,0
DA:321,0
DA:324,0
DA:326,0
DA:327,0
DA:329,0
DA:330,0
DA:333,0
DA:335,0
DA:336,0
DA:337,0
DA:338,0
DA:339,0
DA:341,0
DA:342,0
DA:344,0
DA:349,57
DA:352,0
DA:357,0
DA:358,0
DA:359,0
DA:363,0
DA:364,0
DA:365,0
DA:368,0
DA:369,0
DA:370,0
DA:374,0
DA:375,0
DA:376,0
DA:379,0
DA:381,0
DA:382,0
DA:385,0
DA:386,0
DA:391,0
DA:392,0
DA:393,0
DA:398,0
DA:400,0
DA:401,0
DA:402,0
DA:405,0
DA:406,0
DA:407,0
DA:408,0
DA:409,0
DA:411,0
DA:412,0
DA:414,0
DA:418,57
DA:419,1
DA:422,57
DA:423,1
DA:429,0
DA:430,0
DA:431,0
DA:432,0
DA:433,0
DA:438,0
DA:439,0
DA:447,57
DA:448,57
DA:450,0
DA:456,0
DA:497,0
DA:513,0
DA:514,0
DA:515,0
DA:517,0
DA:555,0
DA:572,0
DA:589,0
DA:608,0
DA:621,0
DA:669,0
DA:670,0
DA:672,0
DA:684,0
DA:685,0
DA:687,0
DA:699,0
DA:700,0
DA:702,0
DA:712,0
DA:722,0
DA:723,0
DA:725,0
DA:735,0
DA:745,0
DA:746,0
DA:748,0
DA:755,57
DA:756,57
DA:758,0
DA:764,0
DA:839,57
DA:842,57
DA:846,57
DA:849,0
DA:858,0
DA:950,57
DA:996,1
DA:1010,0
DA:1024,0
DA:1072,0
DA:1090,0
DA:1155,0
DA:1178,0
LF:253
LH:87
BRDA:56,0,0,57
BRDA:56,0,1,33
BRDA:57,1,0,57
BRDA:57,1,1,33
BRDA:58,2,0,57
BRDA:58,2,1,33
BRDA:59,3,0,57
BRDA:59,3,1,33
BRDA:60,4,0,57
BRDA:60,4,1,33
BRDA:61,5,0,57
BRDA:61,5,1,33
BRDA:63,6,0,57
BRDA:63,6,1,33
BRDA:65,7,0,57
BRDA:65,7,1,33
BRDA:106,8,0,8
BRDA:106,8,1,11
BRDA:107,9,0,8
BRDA:107,9,1,0
BRDA:108,10,0,8
BRDA:108,10,1,0
BRDA:109,11,0,8
BRDA:109,11,1,0
BRDA:110,12,0,8
BRDA:110,12,1,0
BRDA:111,13,0,8
BRDA:111,13,1,0
BRDA:112,14,0,8
BRDA:112,14,1,0
BRDA:113,15,0,8
BRDA:113,15,1,0
BRDA:114,16,0,8
BRDA:114,16,1,0
BRDA:120,17,0,0
BRDA:120,17,1,19
BRDA:152,18,0,8
BRDA:152,18,1,11
BRDA:172,19,0,0
BRDA:172,19,1,0
BRDA:193,20,0,0
BRDA:193,20,1,0
BRDA:205,21,0,0
BRDA:205,21,1,0
BRDA:215,22,0,0
BRDA:215,22,1,0
BRDA:226,23,0,0
BRDA:226,23,1,0
BRDA:227,24,0,0
BRDA:227,24,1,0
BRDA:233,25,0,0
BRDA:233,25,1,0
BRDA:236,26,0,0
BRDA:236,26,1,0
BRDA:241,27,0,0
BRDA:241,27,1,0
BRDA:241,28,0,0
BRDA:241,28,1,0
BRDA:246,29,0,0
BRDA:246,29,1,0
BRDA:246,30,0,0
BRDA:246,30,1,0
BRDA:246,30,2,0
BRDA:284,31,0,0
BRDA:284,31,1,0
BRDA:292,32,0,0
BRDA:292,32,1,0
BRDA:298,33,0,0
BRDA:298,33,1,0
BRDA:311,34,0,0
BRDA:311,34,1,0
BRDA:319,35,0,0
BRDA:319,35,1,0
BRDA:319,36,0,0
BRDA:319,36,1,0
BRDA:324,37,0,0
BRDA:324,37,1,0
BRDA:342,38,0,0
BRDA:342,38,1,0
BRDA:352,39,0,0
BRDA:352,39,1,0
BRDA:352,39,2,0
BRDA:357,40,0,0
BRDA:357,40,1,0
BRDA:357,41,0,0
BRDA:357,41,1,0
BRDA:363,42,0,0
BRDA:363,42,1,0
BRDA:363,43,0,0
BRDA:363,43,1,0
BRDA:368,44,0,0
BRDA:368,44,1,0
BRDA:374,45,0,0
BRDA:374,45,1,0
BRDA:379,46,0,0
BRDA:379,46,1,0
BRDA:379,47,0,0
BRDA:379,47,1,0
BRDA:385,48,0,0
BRDA:385,48,1,0
BRDA:391,49,0,0
BRDA:391,49,1,0
BRDA:400,50,0,0
BRDA:400,50,1,0
BRDA:401,51,0,0
BRDA:401,51,1,0
BRDA:405,52,0,0
BRDA:405,52,1,0
BRDA:412,53,0,0
BRDA:412,53,1,0
BRDA:464,54,0,0
BRDA:464,54,1,57
BRDA:467,55,0,0
BRDA:467,55,1,57
BRDA:504,56,0,24
BRDA:504,56,1,33
BRDA:505,57,0,57
BRDA:505,57,1,33
BRDA:513,58,0,0
BRDA:513,58,1,0
BRDA:525,59,0,24
BRDA:525,59,1,33
BRDA:526,60,0,57
BRDA:526,60,1,33
BRDA:537,61,0,0
BRDA:537,61,1,57
BRDA:562,62,0,57
BRDA:562,62,1,33
BRDA:579,63,0,57
BRDA:579,63,1,33
BRDA:596,64,0,57
BRDA:596,64,1,33
BRDA:638,65,0,57
BRDA:638,65,1,0
BRDA:648,66,0,57
BRDA:648,66,1,0
BRDA:661,67,0,57
BRDA:661,67,1,0
BRDA:676,68,0,57
BRDA:676,68,1,0
BRDA:691,69,0,57
BRDA:691,69,1,0
BRDA:707,70,0,57
BRDA:707,70,1,0
BRDA:730,71,0,57
BRDA:730,71,1,0
BRDA:810,72,0,57
BRDA:810,72,1,57
BRDA:811,73,0,0
BRDA:811,73,1,57
BRDA:814,74,0,0
BRDA:814,74,1,57
BRDA:828,75,0,0
BRDA:828,75,1,57
BRDA:842,76,0,57
BRDA:842,76,1,57
BRDA:842,76,2,0
BRDA:864,77,0,0
BRDA:864,77,1,57
BRDA:874,78,0,57
BRDA:874,78,1,0
BRDA:891,79,0,57
BRDA:891,79,1,57
BRDA:901,80,0,0
BRDA:901,80,1,57
BRDA:935,81,0,0
BRDA:935,81,1,57
BRDA:937,82,0,0
BRDA:937,82,1,57
BRDA:963,83,0,57
BRDA:963,83,1,24
BRDA:1060,84,0,27
BRDA:1060,84,1,30
BRDA:1064,85,0,27
BRDA:1064,85,1,30
BRF:175
BRH:73
end_of_record
TN:
SF:src\screens\TrendPage.tsx
FN:51,(anonymous_0)
FN:56,(anonymous_1)
FN:66,(anonymous_2)
FN:67,(anonymous_3)
FN:69,(anonymous_4)
FN:71,(anonymous_5)
FN:133,(anonymous_6)
FN:159,(anonymous_7)
FN:160,(anonymous_8)
FN:162,(anonymous_9)
FN:170,(anonymous_10)
FN:171,(anonymous_11)
FN:221,(anonymous_12)
FN:228,(anonymous_13)
FN:243,(anonymous_14)
FN:248,(anonymous_15)
FN:257,(anonymous_16)
FN:264,(anonymous_17)
FN:276,(anonymous_18)
FN:277,(anonymous_19)
FN:300,(anonymous_20)
FN:305,(anonymous_21)
FN:312,(anonymous_22)
FN:324,(anonymous_23)
FN:328,(anonymous_24)
FN:338,(anonymous_25)
FN:345,(anonymous_26)
FN:358,(anonymous_27)
FN:369,(anonymous_28)
FN:384,(anonymous_29)
FN:400,(anonymous_30)
FN:428,(anonymous_31)
FN:436,(anonymous_32)
FN:504,(anonymous_33)
FN:537,(anonymous_34)
FN:673,(anonymous_35)
FN:691,(anonymous_36)
FN:699,(anonymous_37)
FN:732,(anonymous_38)
FN:741,(anonymous_39)
FN:767,(anonymous_40)
FNF:41
FNH:7
FNDA:51,(anonymous_0)
FNDA:0,(anonymous_1)
FNDA:102,(anonymous_2)
FNDA:102,(anonymous_3)
FNDA:102,(anonymous_4)
FNDA:102,(anonymous_5)
FNDA:51,(anonymous_6)
FNDA:0,(anonymous_7)
FNDA:0,(anonymous_8)
FNDA:0,(anonymous_9)
FNDA:0,(anonymous_10)
FNDA:0,(anonymous_11)
FNDA:0,(anonymous_12)
FNDA:0,(anonymous_13)
FNDA:0,(anonymous_14)
FNDA:0,(anonymous_15)
FNDA:0,(anonymous_16)
FNDA:0,(anonymous_17)
FNDA:0,(anonymous_18)
FNDA:0,(anonymous_19)
FNDA:0,(anonymous_20)
FNDA:0,(anonymous_21)
FNDA:0,(anonymous_22)
FNDA:0,(anonymous_23)
FNDA:0,(anonymous_24)
FNDA:0,(anonymous_25)
FNDA:0,(anonymous_26)
FNDA:0,(anonymous_27)
FNDA:0,(anonymous_28)
FNDA:0,(anonymous_29)
FNDA:0,(anonymous_30)
FNDA:0,(anonymous_31)
FNDA:51,(anonymous_32)
FNDA:0,(anonymous_33)
FNDA:0,(anonymous_34)
FNDA:0,(anonymous_35)
FNDA:0,(anonymous_36)
FNDA:0,(anonymous_37)
FNDA:0,(anonymous_38)
FNDA:0,(anonymous_39)
FNDA:0,(anonymous_40)
DA:51,3
DA:52,51
DA:53,51
DA:56,51
DA:57,0
DA:58,0
DA:59,0
DA:60,0
DA:61,0
DA:62,0
DA:63,0
DA:66,102
DA:67,102
DA:68,51
DA:69,102
DA:71,102
DA:74,51
DA:77,51
DA:80,51
DA:83,51
DA:86,51
DA:89,51
DA:98,51
DA:101,51
DA:104,51
DA:107,51
DA:110,51
DA:113,51
DA:114,51
DA:117,51
DA:120,51
DA:126,51
DA:133,51
DA:135,51
DA:136,0
DA:143,51
DA:159,51
DA:160,0
DA:162,0
DA:163,0
DA:170,51
DA:171,0
DA:172,0
DA:174,0
DA:179,0
DA:181,0
DA:185,0
DA:186,0
DA:194,0
DA:203,0
DA:204,0
DA:207,0
DA:208,0
DA:212,0
DA:221,51
DA:223,0
DA:224,0
DA:228,0
DA:229,0
DA:230,0
DA:231,0
DA:237,0
DA:241,0
DA:243,0
DA:244,0
DA:245,0
DA:248,0
DA:257,51
DA:259,0
DA:260,0
DA:264,0
DA:265,0
DA:266,0
DA:271,0
DA:272,0
DA:275,0
DA:276,0
DA:277,0
DA:285,0
DA:287,0
DA:292,0
DA:294,0
DA:298,0
DA:300,0
DA:301,0
DA:302,0
DA:305,0
DA:312,51
DA:313,0
DA:314,0
DA:317,0
DA:324,0
DA:325,0
DA:328,0
DA:329,0
DA:338,51
DA:339,0
DA:345,51
DA:346,0
DA:347,0
DA:348,0
DA:358,51
DA:360,0
DA:363,0
DA:369,51
DA:371,0
DA:374,0
DA:377,0
DA:384,51
DA:385,0
DA:386,0
DA:387,0
DA:388,0
DA:390,0
DA:392,0
DA:400,51
DA:401,0
DA:404,0
DA:406,0
DA:408,0
DA:410,0
DA:411,0
DA:412,0
DA:414,0
DA:415,0
DA:416,0
DA:418,0
DA:419,0
DA:422,0
DA:428,51
DA:429,0
DA:430,0
DA:436,51
DA:437,51
DA:438,51
DA:442,51
DA:444,0
DA:455,51
DA:467,51
DA:468,51
DA:469,51
DA:471,51
DA:478,51
DA:481,51
DA:483,51
DA:506,0
DA:508,0
DA:537,0
DA:673,0
DA:692,0
DA:700,0
DA:701,0
DA:733,0
DA:734,0
DA:741,0
DA:767,0
LF:156
LH:52
BRDA:58,0,0,0
BRDA:58,0,1,0
BRDA:135,1,0,0
BRDA:135,1,1,51
BRDA:138,2,0,0
BRDA:138,2,1,0
BRDA:138,2,2,0
BRDA:145,3,0,51
BRDA:145,3,1,51
BRDA:145,3,2,13
BRDA:147,4,0,51
BRDA:147,4,1,51
BRDA:147,4,2,13
BRDA:148,5,0,51
BRDA:148,5,1,51
BRDA:148,5,2,13
BRDA:150,6,0,51
BRDA:150,6,1,51
BRDA:150,6,2,13
BRDA:151,7,0,51
BRDA:151,7,1,51
BRDA:151,7,2,13
BRDA:185,8,0,0
BRDA:185,8,1,0
BRDA:223,9,0,0
BRDA:223,9,1,0
BRDA:223,10,0,0
BRDA:223,10,1,0
BRDA:223,10,2,0
BRDA:259,11,0,0
BRDA:259,11,1,0
BRDA:259,12,0,0
BRDA:259,12,1,0
BRDA:259,12,2,0
BRDA:313,13,0,0
BRDA:313,13,1,0
BRDA:347,14,0,0
BRDA:347,14,1,0
BRDA:410,15,0,0
BRDA:410,15,1,0
BRDA:429,16,0,0
BRDA:429,16,1,0
BRDA:429,17,0,0
BRDA:429,17,1,0
BRDA:442,18,0,0
BRDA:442,18,1,51
BRDA:488,19,0,27
BRDA:488,19,1,24
BRDA:500,20,0,51
BRDA:500,20,1,51
BRDA:540,21,0,0
BRDA:540,21,1,51
BRDA:545,22,0,0
BRDA:545,22,1,51
BRDA:549,23,0,0
BRDA:549,23,1,0
BRDA:550,24,0,0
BRDA:550,24,1,0
BRDA:602,25,0,51
BRDA:602,25,1,0
BRDA:603,26,0,27
BRDA:603,26,1,24
BRDA:609,27,0,51
BRDA:609,27,1,13
BRDA:609,27,2,13
BRDA:609,27,3,13
BRDA:632,28,0,51
BRDA:632,28,1,13
BRDA:633,29,0,51
BRDA:633,29,1,13
BRDA:634,30,0,51
BRDA:634,30,1,0
BRDA:635,31,0,27
BRDA:635,31,1,24
BRDA:649,32,0,27
BRDA:649,32,1,24
BRDA:654,33,0,51
BRDA:654,33,1,0
BRDA:668,34,0,51
BRDA:668,34,1,51
BRDA:685,35,0,51
BRDA:685,35,1,0
BRDA:730,36,0,33
BRDA:730,36,1,33
BRDA:731,37,0,9
BRDA:731,37,1,24
BRF:86
BRH:47
end_of_record
TN:
SF:src\screens\index.ts
FNF:0
FNH:0
LF:0
LH:0
BRF:0
BRH:0
end_of_record
TN:
SF:src\services\api.ts
FN:26,(anonymous_0)
FN:38,(anonymous_1)
FN:41,(anonymous_2)
FN:53,(anonymous_3)
FN:61,(anonymous_4)
FN:65,(anonymous_5)
FN:71,(anonymous_6)
FN:92,(anonymous_7)
FN:126,(anonymous_8)
FN:155,(anonymous_9)
FN:186,(anonymous_10)
FN:192,(anonymous_11)
FN:211,(anonymous_12)
FN:219,(anonymous_13)
FN:226,(anonymous_14)
FN:238,(anonymous_15)
FN:254,(anonymous_16)
FN:266,(anonymous_17)
FN:281,(anonymous_18)
FN:296,(anonymous_19)
FN:308,(anonymous_20)
FN:324,(anonymous_21)
FN:351,(anonymous_22)
FN:376,(anonymous_23)
FN:401,(anonymous_24)
FNF:25
FNH:2
FNDA:1,(anonymous_0)
FNDA:1,(anonymous_1)
FNDA:0,(anonymous_2)
FNDA:0,(anonymous_3)
FNDA:0,(anonymous_4)
FNDA:0,(anonymous_5)
FNDA:0,(anonymous_6)
FNDA:0,(anonymous_7)
FNDA:0,(anonymous_8)
FNDA:0,(anonymous_9)
FNDA:0,(anonymous_10)
FNDA:0,(anonymous_11)
FNDA:0,(anonymous_12)
FNDA:0,(anonymous_13)
FNDA:0,(anonymous_14)
FNDA:0,(anonymous_15)
FNDA:0,(anonymous_16)
FNDA:0,(anonymous_17)
FNDA:0,(anonymous_18)
FNDA:0,(anonymous_19)
FNDA:0,(anonymous_20)
FNDA:0,(anonymous_21)
FNDA:0,(anonymous_22)
FNDA:0,(anonymous_23)
FNDA:0,(anonymous_24)
DA:13,1
DA:24,1
DA:27,1
DA:35,1
DA:40,1
DA:43,0
DA:44,0
DA:45,0
DA:48,0
DA:51,0
DA:54,0
DA:55,0
DA:60,1
DA:62,0
DA:63,0
DA:66,0
DA:72,0
DA:73,0
DA:75,0
DA:76,0
DA:79,0
DA:85,0
DA:87,0
DA:92,0
DA:93,0
DA:96,0
DA:100,0
DA:103,0
DA:104,0
DA:110,0
DA:111,0
DA:115,0
DA:121,0
DA:122,0
DA:127,0
DA:129,0
DA:131,0
DA:132,0
DA:134,0
DA:138,0
DA:139,0
DA:140,0
DA:141,0
DA:150,0
DA:159,0
DA:161,0
DA:163,0
DA:164,0
DA:166,0
DA:170,0
DA:171,0
DA:189,0
DA:192,0
DA:193,0
DA:194,0
DA:195,0
DA:196,0
DA:197,0
DA:199,0
DA:206,0
DA:207,0
DA:212,0
DA:213,0
DA:214,0
DA:215,0
DA:220,0
DA:221,0
DA:222,0
DA:227,0
DA:232,0
DA:233,0
DA:239,0
DA:240,0
DA:241,0
DA:244,0
DA:246,0
DA:247,0
DA:249,0
DA:256,0
DA:258,0
DA:259,0
DA:261,0
DA:271,0
DA:273,0
DA:274,0
DA:276,0
DA:282,0
DA:286,0
DA:287,0
DA:297,0
DA:302,0
DA:303,0
DA:314,0
DA:316,0
DA:317,0
DA:319,0
DA:341,0
DA:343,0
DA:344,0
DA:346,0
DA:365,0
DA:370,0
DA:371,0
DA:390,0
DA:395,0
DA:396,0
DA:402,0
DA:406,0
DA:407,0
DA:409,0
DA:414,1
LF:111
LH:7
BRDA:14,0,0,1
BRDA:14,0,1,0
BRDA:44,1,0,0
BRDA:44,1,1,0
BRDA:73,2,0,0
BRDA:73,2,1,0
BRDA:76,3,0,0
BRDA:76,3,1,0
BRDA:79,4,0,0
BRDA:79,4,1,0
BRDA:80,5,0,0
BRDA:80,5,1,0
BRDA:80,5,2,0
BRDA:80,5,3,0
BRDA:80,5,4,0
BRDA:103,6,0,0
BRDA:103,6,1,0
BRDA:106,7,0,0
BRDA:106,7,1,0
BRDA:131,8,0,0
BRDA:131,8,1,0
BRDA:134,9,0,0
BRDA:134,9,1,0
BRDA:139,10,0,0
BRDA:139,10,1,0
BRDA:139,11,0,0
BRDA:139,11,1,0
BRDA:163,12,0,0
BRDA:163,12,1,0
BRDA:166,13,0,0
BRDA:166,13,1,0
BRDA:232,14,0,0
BRDA:232,14,1,0
BRDA:233,15,0,0
BRDA:233,15,1,0
BRDA:240,16,0,0
BRDA:240,16,1,0
BRDA:241,17,0,0
BRDA:241,17,1,0
BRDA:246,18,0,0
BRDA:246,18,1,0
BRDA:249,19,0,0
BRDA:249,19,1,0
BRDA:258,20,0,0
BRDA:258,20,1,0
BRDA:261,21,0,0
BRDA:261,21,1,0
BRDA:273,22,0,0
BRDA:273,22,1,0
BRDA:276,23,0,0
BRDA:276,23,1,0
BRDA:286,24,0,0
BRDA:286,24,1,0
BRDA:287,25,0,0
BRDA:287,25,1,0
BRDA:302,26,0,0
BRDA:302,26,1,0
BRDA:303,27,0,0
BRDA:303,27,1,0
BRDA:316,28,0,0
BRDA:316,28,1,0
BRDA:319,29,0,0
BRDA:319,29,1,0
BRDA:343,30,0,0
BRDA:343,30,1,0
BRDA:346,31,0,0
BRDA:346,31,1,0
BRDA:370,32,0,0
BRDA:370,32,1,0
BRDA:371,33,0,0
BRDA:371,33,1,0
BRDA:395,34,0,0
BRDA:395,34,1,0
BRDA:396,35,0,0
BRDA:396,35,1,0
BRDA:406,36,0,0
BRDA:406,36,1,0
BRDA:409,37,0,0
BRDA:409,37,1,0
BRF:79
BRH:1
end_of_record
TN:
SF:src\services\dailyResetService.ts
FN:30,(anonymous_0)
FN:42,(anonymous_1)
FN:64,(anonymous_2)
FN:81,(anonymous_3)
FN:82,(anonymous_4)
FN:92,(anonymous_5)
FN:118,(anonymous_6)
FN:159,(anonymous_7)
FN:180,(anonymous_8)
FN:211,(anonymous_9)
FN:227,(anonymous_10)
FN:244,(anonymous_11)
FN:258,(anonymous_12)
FN:268,(anonymous_13)
FN:270,(anonymous_14)
FN:278,(anonymous_15)
FN:280,(anonymous_16)
FN:288,(anonymous_17)
FN:289,(anonymous_18)
FN:301,(anonymous_19)
FN:302,(anonymous_20)
FN:314,(anonymous_21)
FN:322,(anonymous_22)
FN:329,(anonymous_23)
FN:357,(anonymous_24)
FNF:25
FNH:21
FNDA:3,(anonymous_0)
FNDA:1,(anonymous_1)
FNDA:7,(anonymous_2)
FNDA:1,(anonymous_3)
FNDA:0,(anonymous_4)
FNDA:1,(anonymous_5)
FNDA:3,(anonymous_6)
FNDA:3,(anonymous_7)
FNDA:3,(anonymous_8)
FNDA:3,(anonymous_9)
FNDA:1,(anonymous_10)
FNDA:3,(anonymous_11)
FNDA:9,(anonymous_12)
FNDA:1,(anonymous_13)
FNDA:0,(anonymous_14)
FNDA:1,(anonymous_15)
FNDA:0,(anonymous_16)
FNDA:3,(anonymous_17)
FNDA:1,(anonymous_18)
FNDA:3,(anonymous_19)
FNDA:3,(anonymous_20)
FNDA:3,(anonymous_21)
FNDA:0,(anonymous_22)
FNDA:2,(anonymous_23)
FNDA:3,(anonymous_24)
DA:22,3
DA:23,3
DA:24,3
DA:27,3
DA:28,3
DA:31,3
DA:43,1
DA:44,0
DA:45,0
DA:48,1
DA:49,1
DA:52,1
DA:55,1
DA:58,1
DA:65,7
DA:66,6
DA:69,1
DA:70,1
DA:72,1
DA:73,1
DA:74,1
DA:82,1
DA:83,0
DA:84,0
DA:93,1
DA:94,1
DA:95,1
DA:96,1
DA:100,1
DA:104,1
DA:107,1
DA:109,1
DA:110,0
DA:111,0
DA:119,3
DA:121,3
DA:122,3
DA:123,3
DA:126,3
DA:127,3
DA:128,3
DA:134,3
DA:138,3
DA:141,3
DA:142,3
DA:145,3
DA:147,3
DA:149,0
DA:151,0
DA:152,0
DA:160,3
DA:162,3
DA:163,3
DA:164,3
DA:170,0
DA:172,0
DA:173,0
DA:184,3
DA:185,3
DA:186,3
DA:189,3
DA:198,3
DA:203,0
DA:204,0
DA:212,3
DA:214,3
DA:215,3
DA:217,3
DA:219,0
DA:220,0
DA:228,1
DA:229,1
DA:232,1
DA:233,0
DA:234,0
DA:237,0
DA:245,3
DA:246,3
DA:251,0
DA:259,9
DA:260,9
DA:261,9
DA:262,9
DA:269,1
DA:270,1
DA:271,0
DA:279,1
DA:280,1
DA:281,0
DA:289,3
DA:290,1
DA:291,1
DA:293,0
DA:302,3
DA:303,3
DA:304,3
DA:306,0
DA:315,3
DA:316,3
DA:323,0
DA:330,2
DA:331,2
DA:332,2
DA:334,2
DA:339,2
DA:340,1
DA:347,1
DA:349,0
DA:350,0
DA:358,3
DA:363,3
LF:111
LH:84
BRDA:43,0,0,0
BRDA:43,0,1,1
BRDA:65,1,0,6
BRDA:65,1,1,1
BRDA:72,2,0,1
BRDA:72,2,1,0
BRDA:83,3,0,0
BRDA:83,3,1,0
BRDA:100,4,0,1
BRDA:100,4,1,0
BRDA:104,5,0,0
BRDA:104,5,1,1
BRDA:109,6,0,0
BRDA:109,6,1,1
BRDA:109,7,0,1
BRDA:109,7,1,0
BRDA:126,8,0,3
BRDA:126,8,1,0
BRDA:163,9,0,3
BRDA:163,9,1,0
BRDA:232,10,0,0
BRDA:232,10,1,1
[...]
FNDA:0,(anonymous_7)
FNDA:0,(anonymous_8)
FNDA:0,(anonymous_9)
FNDA:0,(anonymous_10)
FNDA:2,(anonymous_11)
FNDA:4,(anonymous_12)
FNDA:0,(anonymous_13)
FNDA:0,(anonymous_14)
FNDA:0,(anonymous_15)
FNDA:0,(anonymous_16)
FNDA:2,(anonymous_17)
FNDA:2,(anonymous_18)
FNDA:4,(anonymous_19)
FNDA:0,(anonymous_20)
FNDA:0,(anonymous_21)
FNDA:0,(anonymous_22)
FNDA:0,(anonymous_23)
FNDA:0,(anonymous_24)
FNDA:2,(anonymous_25)
FNDA:0,(anonymous_26)
FNDA:0,(anonymous_27)
FNDA:2,(anonymous_28)
FNDA:2,(anonymous_29)
FNDA:2,(anonymous_30)
FNDA:0,(anonymous_31)
FNDA:0,(anonymous_32)
FNDA:0,(anonymous_33)
FNDA:0,(anonymous_34)
DA:18,2
DA:19,2
DA:24,2
DA:25,2
DA:27,2
DA:34,0
DA:43,0
DA:44,0
DA:46,0
DA:47,0
DA:48,0
DA:57,0
DA:58,0
DA:66,0
DA:67,0
DA:75,0
DA:82,0
DA:83,0
DA:93,2
DA:94,2
DA:99,4
DA:100,2
DA:102,4
DA:109,0
DA:111,0
DA:112,0
DA:114,0
DA:121,0
DA:128,0
DA:135,0
DA:142,2
DA:144,2
DA:145,0
DA:146,0
DA:157,2
DA:158,2
DA:159,2
DA:160,2
DA:165,4
DA:166,2
DA:168,4
DA:175,0
DA:176,0
DA:177,0
DA:178,0
DA:179,0
DA:180,0
DA:182,0
DA:183,0
DA:187,0
DA:195,0
DA:199,0
DA:202,0
DA:204,0
DA:208,0
DA:209,0
DA:210,0
DA:211,0
DA:212,0
DA:213,0
DA:218,0
DA:225,2
DA:232,0
DA:239,0
DA:258,2
DA:275,2
DA:276,2
DA:280,2
DA:281,2
DA:283,2
DA:290,2
DA:291,2
DA:296,2
DA:297,2
DA:302,2
DA:309,0
DA:311,0
DA:312,0
DA:315,0
DA:316,0
DA:326,0
DA:333,0
DA:334,0
DA:335,0
DA:346,0
DA:357,2
DA:358,2
DA:359,2
DA:360,2
LF:89
LH:35
BRDA:24,0,0,2
BRDA:24,0,1,0
BRDA:43,1,0,0
BRDA:43,1,1,0
BRDA:43,2,0,0
BRDA:43,2,1,0
BRDA:75,3,0,0
BRDA:75,3,1,0
BRDA:99,4,0,2
BRDA:99,4,1,2
BRDA:109,5,0,0
BRDA:109,5,1,0
BRDA:165,6,0,2
BRDA:165,6,1,2
BRDA:195,7,0,0
BRDA:195,7,1,0
BRDA:196,8,0,0
BRDA:196,8,1,0
BRDA:205,9,0,0
BRDA:205,9,1,0
BRDA:209,10,0,0
BRDA:209,10,1,0
BRDA:274,11,0,2
BRDA:280,12,0,2
BRDA:280,12,1,0
BRDA:290,13,0,2
BRDA:290,13,1,0
BRDA:296,14,0,2
BRDA:296,14,1,0
BRDA:311,15,0,0
BRDA:311,15,1,0
BRDA:315,16,0,0
BRDA:315,16,1,0
BRF:33
BRH:9
end_of_record
TN:
SF:src\utils\errorHandler.ts
FN:44,(anonymous_0)
FN:76,(anonymous_1)
FN:104,(anonymous_2)
FN:115,(anonymous_3)
FN:138,(anonymous_4)
FN:140,(anonymous_5)
FN:150,(anonymous_6)
FN:172,(anonymous_7)
FN:184,(anonymous_8)
FN:191,(anonymous_9)
FN:198,(anonymous_10)
FN:208,(anonymous_11)
FN:218,(anonymous_12)
FN:255,(anonymous_13)
FN:271,(anonymous_14)
FN:277,(anonymous_15)
FN:303,(anonymous_16)
FN:313,(anonymous_17)
FN:319,(anonymous_18)
FNF:19
FNH:11
FNDA:29,(anonymous_0)
FNDA:6,(anonymous_1)
FNDA:14,(anonymous_2)
FNDA:2,(anonymous_3)
FNDA:0,(anonymous_4)
FNDA:0,(anonymous_5)
FNDA:0,(anonymous_6)
FNDA:0,(anonymous_7)
FNDA:0,(anonymous_8)
FNDA:0,(anonymous_9)
FNDA:0,(anonymous_10)
FNDA:0,(anonymous_11)
FNDA:5,(anonymous_12)
FNDA:5,(anonymous_13)
FNDA:5,(anonymous_14)
FNDA:12,(anonymous_15)
FNDA:9,(anonymous_16)
FNDA:2,(anonymous_17)
FNDA:7,(anonymous_18)
DA:44,3
DA:46,29
DA:47,15
DA:48,12
DA:50,3
DA:51,3
DA:56,14
DA:57,12
DA:58,12
DA:59,10
DA:60,10
DA:61,7
DA:62,3
DA:66,2
DA:67,1
DA:70,1
DA:76,3
DA:77,6
DA:79,6
DA:81,2
DA:83,1
DA:85,1
DA:87,1
DA:89,0
DA:91,0
DA:93,0
DA:95,1
DA:97,0
DA:104,3
DA:105,14
DA:107,14
DA:115,3
DA:116,2
DA:117,2
DA:118,2
DA:119,2
DA:121,2
DA:135,0
DA:136,0
DA:141,0
DA:142,0
DA:144,0
DA:151,0
DA:154,0
DA:155,0
DA:159,0
DA:166,0
DA:173,0
DA:176,0
DA:177,0
DA:185,0
DA:192,0
DA:201,0
DA:208,3
DA:212,0
DA:218,3
DA:227,5
DA:231,5
DA:232,10
DA:233,10
DA:235,7
DA:238,7
DA:239,2
DA:243,5
DA:244,1
DA:248,5
DA:250,5
DA:255,5
DA:259,0
DA:267,5
DA:268,5
DA:269,5
DA:278,12
DA:280,3
DA:281,2
DA:282,2
DA:284,1
DA:288,11
DA:289,11
DA:292,2
DA:293,2
DA:296,2
DA:298,9
DA:299,9
DA:304,9
DA:305,9
DA:307,9
DA:308,4
DA:309,4
DA:314,2
DA:315,2
DA:316,2
DA:320,7
LF:93
LH:71
BRDA:46,0,0,15
BRDA:46,0,1,14
BRDA:47,1,0,12
BRDA:47,1,1,3
BRDA:47,2,0,15
BRDA:47,2,1,3
BRDA:50,3,0,3
BRDA:50,3,1,0
BRDA:56,4,0,12
BRDA:56,4,1,2
BRDA:58,5,0,2
BRDA:58,5,1,10
BRDA:59,6,0,0
BRDA:59,6,1,10
BRDA:60,7,0,3
BRDA:60,7,1,7
BRDA:61,8,0,4
BRDA:61,8,1,3
BRDA:61,9,0,7
BRDA:61,9,1,7
BRDA:62,10,0,3
BRDA:62,10,1,0
BRDA:66,11,0,1
BRDA:66,11,1,1
BRDA:79,12,0,2
BRDA:79,12,1,1
BRDA:79,12,2,1
BRDA:79,12,3,1
BRDA:79,12,4,0
BRDA:79,12,5,0
BRDA:79,12,6,0
BRDA:79,12,7,1
BRDA:79,12,8,0
BRDA:87,13,0,1
BRDA:87,13,1,0
BRDA:89,14,0,0
BRDA:89,14,1,0
BRDA:97,15,0,0
BRDA:97,15,1,0
BRDA:141,16,0,0
BRDA:141,16,1,0
BRDA:150,17,0,0
BRDA:154,18,0,0
BRDA:154,18,1,0
BRDA:176,19,0,0
BRDA:176,19,1,0
BRDA:220,20,0,0
BRDA:227,21,0,0
BRDA:227,22,0,1
BRDA:227,23,0,3
BRDA:238,24,0,2
BRDA:238,24,1,5
BRDA:238,25,0,7
BRDA:238,25,1,6
BRDA:243,26,0,1
BRDA:243,26,1,4
BRDA:248,27,0,1
BRDA:248,27,1,4
BRDA:272,28,0,1
BRDA:273,29,0,1
BRDA:274,30,0,1
BRDA:278,31,0,3
BRDA:278,31,1,9
BRDA:280,32,0,2
BRDA:280,32,1,1
BRDA:292,33,0,2
BRDA:292,33,1,0
BRDA:307,34,0,4
BRDA:307,34,1,5
BRF:69
BRH:47
end_of_record
TN:
SF:src\utils\index.ts
FN:4,(anonymous_0)
FN:30,(anonymous_1)
FN:35,(anonymous_2)
FN:45,(anonymous_3)
FN:54,(anonymous_4)
FN:68,(anonymous_5)
FN:74,(anonymous_6)
FN:79,(anonymous_7)
FN:85,(anonymous_8)
FN:87,(anonymous_9)
FN:92,(anonymous_10)
FN:98,(anonymous_11)
FN:102,(anonymous_12)
FN:108,(anonymous_13)
FN:112,(anonymous_14)
FN:126,(anonymous_15)
FN:132,(anonymous_16)
FN:138,(anonymous_17)
FN:159,(anonymous_18)
FN:164,(anonymous_19)
FN:173,(anonymous_20)
FN:182,(anonymous_21)
FN:188,(anonymous_22)
FN:217,(anonymous_23)
FN:276,(anonymous_24)
FN:326,(anonymous_25)
FN:369,(anonymous_26)
FN:418,(anonymous_27)
FN:454,(anonymous_28)
FN:474,(anonymous_29)
FN:484,(anonymous_30)
FN:490,(anonymous_31)
FN:498,(anonymous_32)
FN:511,(anonymous_33)
FN:515,(anonymous_34)
FN:516,(anonymous_35)
FN:520,(anonymous_36)
FN:522,(anonymous_37)
FN:537,(anonymous_38)
FN:552,(anonymous_39)
FN:570,(anonymous_40)
FN:604,(anonymous_41)
FN:610,(anonymous_42)
FN:613,(anonymous_43)
FNF:44
FNH:19
FNDA:1,(anonymous_0)
FNDA:0,(anonymous_1)
FNDA:0,(anonymous_2)
FNDA:0,(anonymous_3)
FNDA:0,(anonymous_4)
FNDA:0,(anonymous_5)
FNDA:0,(anonymous_6)
FNDA:0,(anonymous_7)
FNDA:0,(anonymous_8)
FNDA:0,(anonymous_9)
FNDA:0,(anonymous_10)
FNDA:0,(anonymous_11)
FNDA:0,(anonymous_12)
FNDA:0,(anonymous_13)
FNDA:0,(anonymous_14)
FNDA:5,(anonymous_15)
FNDA:6,(anonymous_16)
FNDA:0,(anonymous_17)
FNDA:0,(anonymous_18)
FNDA:0,(anonymous_19)
FNDA:0,(anonymous_20)
FNDA:0,(anonymous_21)
FNDA:0,(anonymous_22)
FNDA:3,(anonymous_23)
FNDA:2,(anonymous_24)
FNDA:2,(anonymous_25)
FNDA:2,(anonymous_26)
FNDA:0,(anonymous_27)
FNDA:7,(anonymous_28)
FNDA:4,(anonymous_29)
FNDA:4,(anonymous_30)
FNDA:8,(anonymous_31)
FNDA:8,(anonymous_32)
FNDA:2,(anonymous_33)
FNDA:30,(anonymous_34)
FNDA:30,(anonymous_35)
FNDA:21,(anonymous_36)
FNDA:6,(anonymous_37)
FNDA:5,(anonymous_38)
FNDA:0,(anonymous_39)
FNDA:2,(anonymous_40)
FNDA:0,(anonymous_41)
FNDA:0,(anonymous_42)
FNDA:0,(anonymous_43)
DA:4,2
DA:8,1
DA:9,1
DA:10,1
DA:11,1
DA:12,1
DA:13,1
DA:15,1
DA:17,1
DA:19,0
DA:21,0
DA:23,0
DA:25,0
DA:30,2
DA:31,0
DA:35,2
DA:36,0
DA:37,0
DA:45,2
DA:46,0
DA:54,2
DA:55,0
DA:56,0
DA:58,0
DA:59,0
DA:60,0
DA:61,0
DA:64,0
DA:68,2
DA:69,0
DA:70,0
DA:74,2
DA:75,0
DA:79,2
DA:85,0
DA:86,0
DA:87,0
DA:92,2
DA:98,0
DA:99,0
DA:100,0
DA:101,0
DA:102,0
DA:108,2
DA:109,0
DA:110,0
DA:111,0
DA:112,0
DA:113,0
DA:114,0
DA:115,0
DA:116,0
DA:117,0
DA:120,0
DA:122,0
DA:126,2
DA:127,5
DA:128,5
DA:132,2
DA:133,6
DA:134,6
DA:138,2
DA:142,0
DA:155,0
DA:159,2
DA:160,0
DA:164,2
DA:165,0
DA:166,0
DA:168,0
DA:173,2
DA:174,0
DA:175,0
DA:176,0
DA:177,0
DA:178,0
DA:182,2
DA:183,0
DA:184,0
DA:187,0
DA:188,0
DA:189,0
DA:190,0
DA:191,0
DA:193,0
DA:194,0
DA:217,2
DA:218,3
DA:221,3
DA:222,0
DA:225,3
DA:226,1
DA:229,3
DA:230,0
DA:233,3
DA:234,2
DA:237,3
DA:238,2
DA:241,3
DA:242,2
DA:245,3
DA:246,2
DA:249,3
DA:250,2
DA:254,3
DA:255,2
DA:258,3
DA:259,1
DA:263,3
DA:264,2
DA:267,3
DA:276,2
DA:279,2
DA:281,2
DA:282,0
DA:285,2
DA:286,0
DA:289,2
DA:290,0
DA:293,2
DA:294,0
DA:297,2
DA:298,0
DA:302,2
DA:303,2
DA:308,1
DA:312,2
DA:313,0
DA:316,2
DA:326,2
DA:327,2
DA:329,2
DA:330,0
DA:333,2
DA:334,0
DA:337,2
DA:341,1
DA:344,2
DA:345,0
DA:348,2
DA:352,0
DA:355,2
DA:356,0
DA:359,2
DA:369,2
DA:372,2
DA:374,2
DA:375,0
DA:378,2
DA:379,0
DA:382,2
DA:383,0
DA:386,2
DA:387,0
DA:391,2
DA:396,2
DA:397,1
DA:401,2
DA:402,0
DA:405,2
DA:406,0
DA:409,2
DA:418,2
DA:421,0
DA:423,0
DA:424,0
DA:427,0
DA:428,0
DA:431,0
DA:432,0
DA:437,0
DA:441,0
DA:442,0
DA:445,0
DA:454,2
DA:455,7
DA:456,7
DA:457,1
DA:461,6
DA:462,6
DA:463,6
DA:474,2
DA:476,4
DA:477,4
DA:484,2
DA:489,4
DA:490,2
DA:491,8
DA:492,8
DA:496,2
DA:498,2
DA:499,8
DA:500,8
DA:501,8
DA:503,8
DA:511,2
DA:515,30
DA:516,30
DA:519,2
DA:520,21
DA:522,6
DA:525,2
DA:526,2
DA:529,2
DA:530,2
DA:532,2
DA:535,2
DA:536,1
DA:537,5
DA:540,1
DA:550,2
DA:551,0
DA:552,0
DA:555,0
DA:564,2
DA:570,2
DA:573,2
DA:575,2
DA:576,0
DA:579,2
DA:580,0
DA:583,2
DA:584,1
DA:587,2
DA:588,0
DA:591,2
DA:592,0
DA:595,2
DA:604,2
DA:608,0
DA:610,0
DA:611,0
DA:612,0
DA:613,0
DA:614,0
DA:622,0
LF:236
LH:135
BRDA:6,0,0,1
BRDA:15,1,0,1
BRDA:15,1,1,0
BRDA:15,1,2,0
BRDA:15,1,3,0
BRDA:15,1,4,0
BRDA:38,2,0,0
BRDA:38,2,1,0
BRDA:38,2,2,0
BRDA:47,3,0,0
BRDA:47,3,1,0
BRDA:47,3,2,0
BRDA:69,4,0,0
BRDA:69,4,1,0
BRDA:99,5,0,0
BRDA:99,5,1,0
BRDA:109,6,0,0
BRDA:109,6,1,0
BRDA:109,7,0,0
BRDA:109,7,1,0
BRDA:110,8,0,0
BRDA:110,8,1,0
BRDA:111,9,0,0
BRDA:111,9,1,0
BRDA:113,10,0,0
BRDA:113,10,1,0
BRDA:116,11,0,0
BRDA:116,11,1,0
BRDA:140,12,0,0
BRDA:174,13,0,0
BRDA:174,13,1,0
BRDA:175,14,0,0
BRDA:175,14,1,0
BRDA:176,15,0,0
BRDA:176,15,1,0
BRDA:177,16,0,0
BRDA:177,16,1,0
BRDA:183,17,0,0
BRDA:183,17,1,0
BRDA:190,18,0,0
BRDA:190,18,1,0
BRDA:221,19,0,0
BRDA:221,19,1,3
BRDA:221,20,0,3
BRDA:221,20,1,3
BRDA:225,21,0,1
BRDA:225,21,1,2
BRDA:225,22,0,3
BRDA:225,22,1,3
BRDA:229,23,0,0
BRDA:229,23,1,3
BRDA:229,24,0,3
BRDA:229,24,1,3
BRDA:233,25,0,2
BRDA:233,25,1,1
BRDA:233,26,0,3
BRDA:233,26,1,1
BRDA:237,27,0,2
BRDA:237,27,1,1
BRDA:237,28,0,3
BRDA:237,28,1,1
BRDA:241,29,0,2
BRDA:241,29,1,1
BRDA:241,30,0,3
BRDA:241,30,1,1
BRDA:245,31,0,2
BRDA:245,31,1,1
BRDA:245,32,0,3
BRDA:245,32,1,1
BRDA:249,33,0,2
BRDA:249,33,1,1
BRDA:249,34,0,3
BRDA:249,34,1,1
BRDA:254,35,0,2
BRDA:254,35,1,1
BRDA:254,36,0,3
BRDA:254,36,1,2
BRDA:258,37,0,1
BRDA:258,37,1,2
BRDA:258,38,0,3
BRDA:258,38,1,2
BRDA:263,39,0,2
BRDA:263,39,1,1
BRDA:263,40,0,3
BRDA:263,40,1,1
BRDA:281,41,0,0
BRDA:281,41,1,2
BRDA:281,42,0,2
BRDA:281,42,1,2
BRDA:285,43,0,0
BRDA:285,43,1,2
BRDA:285,44,0,2
BRDA:285,44,1,2
BRDA:289,45,0,0
BRDA:289,45,1,2
BRDA:289,46,0,2
BRDA:289,46,1,2
BRDA:293,47,0,0
BRDA:293,47,1,2
BRDA:297,48,0,0
BRDA:297,48,1,2
BRDA:297,49,0,2
BRDA:297,49,1,2
BRDA:302,50,0,2
BRDA:302,50,1,0
BRDA:302,51,0,2
BRDA:302,51,1,2
BRDA:303,52,0,1
BRDA:303,52,1,1
BRDA:304,53,0,2
BRDA:304,53,1,2
BRDA:304,53,2,2
BRDA:312,54,0,0
BRDA:312,54,1,2
BRDA:312,55,0,2
BRDA:312,55,1,2
BRDA:329,56,0,0
BRDA:329,56,1,2
BRDA:329,57,0,2
BRDA:329,57,1,2
BRDA:333,58,0,0
BRDA:333,58,1,2
BRDA:333,59,0,2
BRDA:333,59,1,2
BRDA:337,60,0,1
BRDA:337,60,1,1
BRDA:338,61,0,2
BRDA:338,61,1,2
BRDA:344,62,0,0
BRDA:344,62,1,2
BRDA:348,63,0,0
BRDA:348,63,1,2
BRDA:349,64,0,2
BRDA:349,64,1,2
BRDA:349,64,2,2
BRDA:355,65,0,0
BRDA:355,65,1,2
BRDA:355,66,0,2
BRDA:355,66,1,2
BRDA:374,67,0,0
BRDA:374,67,1,2
BRDA:374,68,0,2
BRDA:374,68,1,2
BRDA:378,69,0,0
BRDA:378,69,1,2
BRDA:378,70,0,2
BRDA:378,70,1,2
BRDA:382,71,0,0
BRDA:382,71,1,2
BRDA:382,72,0,2
BRDA:382,72,1,2
BRDA:386,73,0,0
BRDA:386,73,1,2
BRDA:386,74,0,2
BRDA:386,74,1,2
BRDA:391,75,0,2
BRDA:391,75,1,0
BRDA:392,76,0,2
BRDA:392,76,1,2
BRDA:392,76,2,2
BRDA:396,77,0,1
BRDA:396,77,1,1
BRDA:401,78,0,0
BRDA:401,78,1,2
BRDA:405,79,0,0
BRDA:405,79,1,2
BRDA:423,80,0,0
BRDA:423,80,1,0
BRDA:427,81,0,0
BRDA:427,81,1,0
BRDA:427,82,0,0
BRDA:427,82,1,0
BRDA:431,83,0,0
BRDA:431,83,1,0
BRDA:431,84,0,0
BRDA:431,84,1,0
BRDA:432,85,0,0
BRDA:432,85,1,0
BRDA:433,86,0,0
BRDA:433,86,1,0
BRDA:433,86,2,0
BRDA:441,87,0,0
BRDA:441,87,1,0
BRDA:441,88,0,0
BRDA:441,88,1,0
BRDA:456,89,0,1
BRDA:456,89,1,6
BRDA:464,90,0,6
BRDA:464,90,1,5
BRDA:464,90,2,4
BRDA:489,91,0,2
BRDA:489,91,1,2
BRDA:489,92,0,4
BRDA:489,92,1,2
BRDA:491,93,0,4
BRDA:491,93,1,4
BRDA:492,94,0,8
BRDA:492,94,1,6
BRDA:500,95,0,0
BRDA:500,95,1,8
BRDA:503,96,0,8
BRDA:503,96,1,2
BRDA:503,96,2,2
BRDA:535,97,0,1
BRDA:535,97,1,1
BRDA:550,98,0,0
BRDA:550,98,1,2
BRDA:575,99,0,0
BRDA:575,99,1,2
BRDA:575,100,0,2
BRDA:575,100,1,2
BRDA:579,101,0,0
BRDA:579,101,1,2
BRDA:579,102,0,2
BRDA:579,102,1,2
BRDA:583,103,0,1
BRDA:583,103,1,1
BRDA:583,104,0,2
BRDA:583,104,1,2
BRDA:587,105,0,0
BRDA:587,105,1,2
BRDA:591,106,0,0
BRDA:591,106,1,2
BRDA:591,107,0,2
BRDA:591,107,1,2
BRDA:612,108,0,0
BRDA:612,108,1,0
BRF:227
BRH:140
end_of_record
TN:
SF:src\utils\logger.ts
FN:64,(anonymous_0)
FN:69,(anonymous_1)
FN:79,(anonymous_2)
FN:87,(anonymous_3)
FN:100,(anonymous_4)
FN:117,(anonymous_5)
FN:158,(anonymous_6)
FN:174,(anonymous_7)
FN:202,(anonymous_8)
FN:209,(anonymous_9)
FN:216,(anonymous_10)
FN:223,(anonymous_11)
FN:231,(anonymous_12)
FN:239,(anonymous_13)
FN:246,(anonymous_14)
FN:247,(anonymous_15)
FN:253,(anonymous_16)
FN:254,(anonymous_17)
FN:260,(anonymous_18)
FN:262,(anonymous_19)
FN:269,(anonymous_20)
FN:283,(anonymous_21)
FN:290,(anonymous_22)
FN:312,(anonymous_23)
FN:322,(anonymous_24)
FN:329,(anonymous_25)
FN:343,(anonymous_26)
FN:345,(anonymous_27)
FN:347,(anonymous_28)
FN:349,(anonymous_29)
FN:351,(anonymous_30)
FNF:31
FNH:3
FNDA:2,(anonymous_0)
FNDA:2,(anonymous_1)
FNDA:2,(anonymous_2)
FNDA:0,(anonymous_3)
FNDA:0,(anonymous_4)
FNDA:0,(anonymous_5)
FNDA:0,(anonymous_6)
FNDA:0,(anonymous_7)
FNDA:0,(anonymous_8)
FNDA:0,(anonymous_9)
FNDA:0,(anonymous_10)
FNDA:0,(anonymous_11)
FNDA:0,(anonymous_12)
FNDA:0,(anonymous_13)
FNDA:0,(anonymous_14)
FNDA:0,(anonymous_15)
FNDA:0,(anonymous_16)
FNDA:0,(anonymous_17)
FNDA:0,(anonymous_18)
FNDA:0,(anonymous_19)
FNDA:0,(anonymous_20)
FNDA:0,(anonymous_21)
FNDA:0,(anonymous_22)
FNDA:0,(anonymous_23)
FNDA:0,(anonymous_24)
FNDA:0,(anonymous_25)
FNDA:0,(anonymous_26)
FNDA:0,(anonymous_27)
FNDA:0,(anonymous_28)
FNDA:0,(anonymous_29)
FNDA:0,(anonymous_30)
DA:48,2
DA:61,2
DA:62,2
DA:65,2
DA:66,2
DA:70,2
DA:71,2
DA:73,2
DA:80,2
DA:81,0
DA:84,2
DA:85,2
DA:86,2
DA:87,0
DA:93,0
DA:101,0
DA:102,0
DA:105,0
DA:107,0
DA:108,0
DA:110,0
DA:125,0
DA:126,0
DA:129,0
DA:139,0
DA:142,0
DA:143,0
DA:147,0
DA:148,0
DA:152,0
DA:159,0
DA:166,0
DA:167,0
DA:168,0
DA:175,0
DA:176,0
DA:177,0
DA:179,0
DA:181,0
DA:182,0
DA:184,0
DA:185,0
DA:187,0
DA:188,0
DA:191,0
DA:192,0
DA:193,0
DA:195,0
DA:203,0
DA:210,0
DA:217,0
DA:224,0
DA:225,0
DA:232,0
DA:233,0
DA:240,0
DA:247,0
DA:254,0
DA:261,0
DA:262,0
DA:270,0
DA:271,0
DA:272,0
DA:273,0
DA:275,0
DA:284,0
DA:296,0
DA:312,0
DA:313,0
DA:316,0
DA:323,0
DA:330,0
DA:337,2
DA:342,2
DA:344,0
DA:346,0
DA:348,0
DA:350,0
DA:352,0
LF:79
LH:14
BRDA:52,0,0,2
BRDA:52,0,1,0
BRDA:64,1,0,2
BRDA:70,2,0,2
BRDA:70,2,1,0
BRDA:80,3,0,0
BRDA:80,3,1,2
BRDA:86,4,0,0
BRDA:86,4,1,2
BRDA:101,5,0,0
BRDA:101,5,1,0
BRDA:125,6,0,0
BRDA:125,6,1,0
BRDA:142,7,0,0
BRDA:142,7,1,0
BRDA:147,8,0,0
BRDA:147,8,1,0
BRDA:176,9,0,0
BRDA:176,9,1,0
BRDA:179,10,0,0
BRDA:179,10,1,0
BRDA:179,10,2,0
BRDA:179,10,3,0
BRDA:179,10,4,0
BRDA:192,11,0,0
BRDA:192,11,1,0
BRDA:224,12,0,0
BRDA:224,12,1,0
BRDA:232,13,0,0
BRDA:232,13,1,0
BRDA:262,14,0,0
BRDA:262,14,1,0
BRDA:271,15,0,0
BRDA:271,15,1,0
BRDA:305,16,0,0
BRDA:305,16,1,0
BRDA:307,17,0,0
BRDA:307,17,1,0
BRF:38
BRH:5
end_of_record
TN:
SF:src\utils\performance.ts
FN:12,(anonymous_0)
FN:13,(anonymous_1)
FN:22,(anonymous_2)
FN:28,(anonymous_3)
FN:33,(anonymous_4)
FN:43,(anonymous_5)
FN:49,(anonymous_6)
FN:53,(anonymous_7)
FN:70,(anonymous_8)
FN:75,(anonymous_9)
FN:82,(anonymous_10)
FN:87,(anonymous_11)
FN:99,(anonymous_12)
FN:117,(anonymous_13)
FN:122,(anonymous_14)
FN:135,(anonymous_15)
FN:151,(anonymous_16)
FN:155,(anonymous_17)
FN:159,(anonymous_18)
FN:163,(anonymous_19)
FN:170,(anonymous_20)
FN:174,(anonymous_21)
FN:180,(anonymous_22)
FN:191,(anonymous_23)
FN:193,(anonymous_24)
FN:203,(anonymous_25)
FN:206,(anonymous_26)
FN:215,(anonymous_27)
FN:234,(anonymous_28)
FN:240,(anonymous_29)
FN:247,(anonymous_30)
FN:250,(anonymous_31)
FN:252,(anonymous_32)
FN:266,(anonymous_33)
FN:278,(anonymous_34)
FN:297,(anonymous_35)
FN:298,(anonymous_36)
FN:340,(anonymous_37)
FN:342,(anonymous_38)
FN:352,(anonymous_39)
FN:365,(anonymous_40)
FN:373,(anonymous_41)
FN:375,(anonymous_42)
FN:383,(anonymous_43)
FN:385,(anonymous_44)
FN:397,(anonymous_45)
FN:421,(anonymous_46)
FN:428,(anonymous_47)
FN:443,(anonymous_48)
FN:444,(anonymous_49)
FN:457,(anonymous_50)
FN:470,(anonymous_51)
FN:472,(anonymous_52)
FN:482,(anonymous_53)
FN:495,(anonymous_54)
FN:502,(anonymous_55)
FN:509,(anonymous_56)
FN:516,(anonymous_57)
FN:524,(anonymous_58)
FN:535,(anonymous_59)
FNF:60
FNH:51
FNDA:0,(anonymous_0)
FNDA:0,(anonymous_1)
FNDA:3,(anonymous_2)
FNDA:5,(anonymous_3)
FNDA:3,(anonymous_4)
FNDA:2,(anonymous_5)
FNDA:5,(anonymous_6)
FNDA:1,(anonymous_7)
FNDA:3,(anonymous_8)
FNDA:7,(anonymous_9)
FNDA:1,(anonymous_10)
FNDA:2,(anonymous_11)
FNDA:1,(anonymous_12)
FNDA:10,(anonymous_13)
FNDA:8,(anonymous_14)
FNDA:8,(anonymous_15)
FNDA:2,(anonymous_16)
FNDA:1,(anonymous_17)
FNDA:7,(anonymous_18)
FNDA:2,(anonymous_19)
FNDA:0,(anonymous_20)
FNDA:0,(anonymous_21)
FNDA:0,(anonymous_22)
FNDA:1,(anonymous_23)
FNDA:11,(anonymous_24)
FNDA:3,(anonymous_25)
FNDA:3,(anonymous_26)
FNDA:9,(anonymous_27)
FNDA:6,(anonymous_28)
FNDA:6,(anonymous_29)
FNDA:2,(anonymous_30)
FNDA:3,(anonymous_31)
FNDA:3,(anonymous_32)
FNDA:7,(anonymous_33)
FNDA:2,(anonymous_34)
FNDA:0,(anonymous_35)
FNDA:0,(anonymous_36)
FNDA:1,(anonymous_37)
FNDA:5,(anonymous_38)
FNDA:1,(anonymous_39)
FNDA:1,(anonymous_40)
FNDA:1,(anonymous_41)
FNDA:1,(anonymous_42)
FNDA:2,(anonymous_43)
FNDA:1,(anonymous_44)
FNDA:1,(anonymous_45)
FNDA:4,(anonymous_46)
FNDA:2,(anonymous_47)
FNDA:1,(anonymous_48)
FNDA:2,(anonymous_49)
FNDA:3,(anonymous_50)
FNDA:1,(anonymous_51)
FNDA:5,(anonymous_52)
FNDA:5,(anonymous_53)
FNDA:4,(anonymous_54)
FNDA:3,(anonymous_55)
FNDA:3,(anonymous_56)
FNDA:2,(anonymous_57)
FNDA:0,(anonymous_58)
FNDA:0,(anonymous_59)
DA:12,7
DA:13,0
DA:14,0
DA:22,7
DA:26,3
DA:28,3
DA:29,5
DA:30,2
DA:33,5
DA:34,3
DA:43,7
DA:47,2
DA:49,2
DA:50,5
DA:51,3
DA:52,3
DA:53,3
DA:54,1
DA:65,3
DA:66,3
DA:71,3
DA:72,3
DA:76,7
DA:78,7
DA:79,4
DA:82,7
DA:83,1
DA:88,2
DA:89,2
DA:90,2
DA:93,2
DA:94,2
DA:95,2
DA:100,1
DA:101,1
DA:102,1
DA:103,1
DA:113,10
DA:118,10
DA:119,10
DA:124,8
DA:125,1
DA:126,1
DA:129,8
DA:136,8
DA:138,8
DA:139,4
DA:143,4
DA:144,0
DA:145,0
DA:148,4
DA:152,2
DA:156,1
DA:160,7
DA:164,2
DA:171,0
DA:172,0
DA:174,0
DA:175,0
DA:176,0
DA:180,0
DA:189,1
DA:194,11
DA:195,1
DA:197,11
DA:204,3
DA:206,3
DA:207,3
DA:208,3
DA:216,9
DA:217,8
DA:220,9
DA:221,9
DA:224,9
DA:225,0
DA:228,9
DA:235,6
DA:236,6
DA:237,1
DA:240,6
DA:241,5
DA:248,2
DA:250,2
DA:251,3
DA:252,3
DA:253,3
DA:260,2
DA:267,7
DA:268,1
DA:270,6
DA:278,7
DA:282,2
DA:283,2
DA:285,2
DA:286,2
DA:287,2
DA:289,2
DA:297,7
DA:298,0
DA:299,0
DA:306,7
DA:322,7
DA:337,1
DA:338,1
DA:343,5
DA:344,1
DA:346,5
DA:353,1
DA:355,1
DA:356,1
DA:366,1
DA:367,1
DA:374,1
DA:375,1
DA:376,1
DA:384,2
DA:385,2
DA:386,1
DA:387,1
DA:389,0
DA:398,1
DA:401,1
DA:402,1
DA:403,1
DA:404,0
DA:407,1
DA:416,3
DA:422,4
DA:429,2
DA:430,2
DA:431,2
DA:432,2
DA:433,1
DA:435,1
DA:444,1
DA:445,2
DA:446,2
DA:448,0
DA:451,1
DA:458,3
DA:467,1
DA:468,1
DA:473,5
DA:474,1
DA:476,5
DA:483,5
DA:484,1
DA:485,1
DA:488,4
DA:489,4
DA:496,4
DA:503,3
DA:510,3
DA:517,2
DA:524,7
DA:528,0
DA:530,0
DA:531,0
DA:532,0
DA:535,0
DA:536,0
LF:161
LH:139
BRDA:29,0,0,2
BRDA:29,0,1,3
BRDA:50,1,0,3
BRDA:50,1,1,2
BRDA:70,2,0,0
BRDA:78,3,0,4
BRDA:78,3,1,3
BRDA:88,4,0,2
BRDA:88,4,1,0
BRDA:93,5,0,2
BRDA:93,5,1,0
BRDA:101,6,0,1
BRDA:101,6,1,0
BRDA:117,7,0,0
BRDA:117,8,0,0
BRDA:124,9,0,1
BRDA:124,9,1,7
BRDA:138,10,0,4
BRDA:138,10,1,4
BRDA:143,11,0,0
BRDA:143,11,1,4
BRDA:175,12,0,0
BRDA:175,12,1,0
BRDA:194,13,0,1
BRDA:194,13,1,10
BRDA:216,14,0,8
BRDA:216,14,1,1
BRDA:224,15,0,0
BRDA:224,15,1,9
BRDA:236,16,0,1
BRDA:236,16,1,5
BRDA:236,17,0,6
BRDA:236,17,1,5
BRDA:251,18,0,3
BRDA:251,18,1,0
BRDA:267,19,0,1
BRDA:267,19,1,6
BRDA:343,20,0,1
BRDA:343,20,1,4
BRDA:353,21,0,0
BRDA:353,21,1,1
BRDA:403,22,0,0
BRDA:403,22,1,1
BRDA:430,23,0,2
BRDA:430,23,1,0
BRDA:473,24,0,1
BRDA:473,24,1,4
BRDA:483,25,0,1
BRDA:483,25,1,4
BRDA:530,26,0,0
BRDA:530,26,1,0
BRF:51
BRH:35
end_of_record
